{"timestamp": "2026-01-29T00:13:01.278862", "level": "INFO", "message": "select pg_catalog.version()", "logger": "sqlalchemy.engine.Engine", "module": "base", "func_name": "_execute_context", "line_no": 1846}
{"timestamp": "2026-01-29T00:13:01.279979", "level": "INFO", "message": "[raw sql] ()", "logger": "sqlalchemy.engine.Engine", "module": "base", "func_name": "_execute_context", "line_no": 1846}
{"timestamp": "2026-01-29T00:13:01.286667", "level": "INFO", "message": "select current_schema()", "logger": "sqlalchemy.engine.Engine", "module": "base", "func_name": "_execute_context", "line_no": 1846}
{"timestamp": "2026-01-29T00:13:01.286839", "level": "INFO", "message": "[raw sql] ()", "logger": "sqlalchemy.engine.Engine", "module": "base", "func_name": "_execute_context", "line_no": 1846}
{"timestamp": "2026-01-29T00:13:01.289091", "level": "INFO", "message": "show standard_conforming_strings", "logger": "sqlalchemy.engine.Engine", "module": "base", "func_name": "_execute_context", "line_no": 1846}
{"timestamp": "2026-01-29T00:13:01.289310", "level": "INFO", "message": "[raw sql] ()", "logger": "sqlalchemy.engine.Engine", "module": "base", "func_name": "_execute_context", "line_no": 1846}
{"timestamp": "2026-01-29T00:13:01.290829", "level": "INFO", "message": "BEGIN (implicit)", "logger": "sqlalchemy.engine.Engine", "module": "base", "func_name": "_connection_begin_impl", "line_no": 2710}
{"timestamp": "2026-01-29T00:13:01.293402", "level": "INFO", "message": "SELECT users.username, users.email, users.is_active, users.is_superuser, users.hashed_password, users.id, users.created_at, users.updated_at \nFROM users \nWHERE users.username = $1::VARCHAR", "logger": "sqlalchemy.engine.Engine", "module": "base", "func_name": "_execute_context", "line_no": 1846}
{"timestamp": "2026-01-29T00:13:01.293584", "level": "INFO", "message": "[generated in 0.00024s] ('n2jzfpdhwlzzj2jrjmsf',)", "logger": "sqlalchemy.engine.Engine", "module": "base", "func_name": "_execute_context", "line_no": 1846}
{"timestamp": "2026-01-29T00:13:01.312566", "level": "INFO", "message": "ROLLBACK", "logger": "sqlalchemy.engine.Engine", "module": "base", "func_name": "_connection_rollback_impl", "line_no": 2713}
{"timestamp": "2026-01-29T00:18:27.834706", "level": "INFO", "message": "系统初始化完成", "logger": "app.main", "module": "main", "func_name": "<module>", "line_no": 31}
{"timestamp": "2026-01-29T00:18:27.858156", "level": "INFO", "message": "系统初始化完成", "logger": "app.main", "module": "main", "func_name": "<module>", "line_no": 31}
{"timestamp": "2026-01-29T00:18:53.929667", "level": "INFO", "message": "select pg_catalog.version()", "logger": "sqlalchemy.engine.Engine", "module": "base", "func_name": "_execute_context", "line_no": 1846}
{"timestamp": "2026-01-29T00:18:53.929904", "level": "INFO", "message": "[raw sql] ()", "logger": "sqlalchemy.engine.Engine", "module": "base", "func_name": "_execute_context", "line_no": 1846}
{"timestamp": "2026-01-29T00:18:53.931857", "level": "INFO", "message": "select current_schema()", "logger": "sqlalchemy.engine.Engine", "module": "base", "func_name": "_execute_context", "line_no": 1846}
{"timestamp": "2026-01-29T00:18:53.932015", "level": "INFO", "message": "[raw sql] ()", "logger": "sqlalchemy.engine.Engine", "module": "base", "func_name": "_execute_context", "line_no": 1846}
{"timestamp": "2026-01-29T00:18:53.933409", "level": "INFO", "message": "show standard_conforming_strings", "logger": "sqlalchemy.engine.Engine", "module": "base", "func_name": "_execute_context", "line_no": 1846}
{"timestamp": "2026-01-29T00:18:53.933555", "level": "INFO", "message": "[raw sql] ()", "logger": "sqlalchemy.engine.Engine", "module": "base", "func_name": "_execute_context", "line_no": 1846}
{"timestamp": "2026-01-29T00:18:53.934714", "level": "INFO", "message": "BEGIN (implicit)", "logger": "sqlalchemy.engine.Engine", "module": "base", "func_name": "_connection_begin_impl", "line_no": 2710}
{"timestamp": "2026-01-29T00:18:53.937098", "level": "INFO", "message": "SELECT users.username, users.email, users.is_active, users.is_superuser, users.hashed_password, users.id, users.created_at, users.updated_at \nFROM users \nWHERE users.username = $1::VARCHAR", "logger": "sqlalchemy.engine.Engine", "module": "base", "func_name": "_execute_context", "line_no": 1846}
{"timestamp": "2026-01-29T00:18:53.937252", "level": "INFO", "message": "[generated in 0.00021s] ('n2jzfpdhwlzzj2jrjmsf',)", "logger": "sqlalchemy.engine.Engine", "module": "base", "func_name": "_execute_context", "line_no": 1846}
{"timestamp": "2026-01-29T00:18:53.943156", "level": "INFO", "message": "ROLLBACK", "logger": "sqlalchemy.engine.Engine", "module": "base", "func_name": "_connection_rollback_impl", "line_no": 2713}
{"timestamp": "2026-01-29T00:19:11.162848", "level": "INFO", "message": "BEGIN (implicit)", "logger": "sqlalchemy.engine.Engine", "module": "base", "func_name": "_connection_begin_impl", "line_no": 2710}
{"timestamp": "2026-01-29T00:19:11.164045", "level": "INFO", "message": "SELECT users.username AS users_username, users.email AS users_email, users.is_active AS users_is_active, users.is_superuser AS users_is_superuser, users.hashed_password AS users_hashed_password, users.id AS users_id, users.created_at AS users_created_at, users.updated_at AS users_updated_at \nFROM users \nWHERE users.id = $1::UUID", "logger": "sqlalchemy.engine.Engine", "module": "base", "func_name": "_execute_context", "line_no": 1846}
{"timestamp": "2026-01-29T00:19:11.164220", "level": "INFO", "message": "[generated in 0.00025s] ('019bfb48-46df-b1f4-782c-04769ab392e4',)", "logger": "sqlalchemy.engine.Engine", "module": "base", "func_name": "_execute_context", "line_no": 1846}
{"timestamp": "2026-01-29T00:19:11.174673", "level": "INFO", "message": "ROLLBACK", "logger": "sqlalchemy.engine.Engine", "module": "base", "func_name": "_connection_rollback_impl", "line_no": 2713}
{"timestamp": "2026-01-29T00:19:13.588189", "level": "INFO", "message": "BEGIN (implicit)", "logger": "sqlalchemy.engine.Engine", "module": "base", "func_name": "_connection_begin_impl", "line_no": 2710}
{"timestamp": "2026-01-29T00:19:13.588557", "level": "INFO", "message": "SELECT users.username AS users_username, users.email AS users_email, users.is_active AS users_is_active, users.is_superuser AS users_is_superuser, users.hashed_password AS users_hashed_password, users.id AS users_id, users.created_at AS users_created_at, users.updated_at AS users_updated_at \nFROM users \nWHERE users.id = $1::UUID", "logger": "sqlalchemy.engine.Engine", "module": "base", "func_name": "_execute_context", "line_no": 1846}
{"timestamp": "2026-01-29T00:19:13.588734", "level": "INFO", "message": "[cached since 2.425s ago] ('019bfb48-46df-b1f4-782c-04769ab392e4',)", "logger": "sqlalchemy.engine.Engine", "module": "base", "func_name": "_execute_context", "line_no": 1846}
{"timestamp": "2026-01-29T00:19:13.591012", "level": "INFO", "message": "ROLLBACK", "logger": "sqlalchemy.engine.Engine", "module": "base", "func_name": "_connection_rollback_impl", "line_no": 2713}
{"timestamp": "2026-01-29T00:19:36.471158", "level": "INFO", "message": "BEGIN (implicit)", "logger": "sqlalchemy.engine.Engine", "module": "base", "func_name": "_connection_begin_impl", "line_no": 2710}
{"timestamp": "2026-01-29T00:19:36.471491", "level": "INFO", "message": "SELECT users.username, users.email, users.is_active, users.is_superuser, users.hashed_password, users.id, users.created_at, users.updated_at \nFROM users \nWHERE users.username = $1::VARCHAR", "logger": "sqlalchemy.engine.Engine", "module": "base", "func_name": "_execute_context", "line_no": 1846}
{"timestamp": "2026-01-29T00:19:36.471659", "level": "INFO", "message": "[cached since 44.12s ago] ('n2jzfpdhwlzzj2jrjmsf',)", "logger": "sqlalchemy.engine.Engine", "module": "base", "func_name": "_execute_context", "line_no": 1846}
{"timestamp": "2026-01-29T00:19:36.473319", "level": "INFO", "message": "ROLLBACK", "logger": "sqlalchemy.engine.Engine", "module": "base", "func_name": "_connection_rollback_impl", "line_no": 2713}
{"timestamp": "2026-01-29T00:19:49.622625", "level": "INFO", "message": "BEGIN (implicit)", "logger": "sqlalchemy.engine.Engine", "module": "base", "func_name": "_connection_begin_impl", "line_no": 2710}
{"timestamp": "2026-01-29T00:19:49.622967", "level": "INFO", "message": "SELECT users.username, users.email, users.is_active, users.is_superuser, users.hashed_password, users.id, users.created_at, users.updated_at \nFROM users \nWHERE users.username = $1::VARCHAR", "logger": "sqlalchemy.engine.Engine", "module": "base", "func_name": "_execute_context", "line_no": 1846}
{"timestamp": "2026-01-29T00:19:49.623138", "level": "INFO", "message": "[cached since 57.27s ago] ('n2jzfpdhwlzzj2jrjmsf',)", "logger": "sqlalchemy.engine.Engine", "module": "base", "func_name": "_execute_context", "line_no": 1846}
{"timestamp": "2026-01-29T00:19:49.625360", "level": "INFO", "message": "ROLLBACK", "logger": "sqlalchemy.engine.Engine", "module": "base", "func_name": "_connection_rollback_impl", "line_no": 2713}
{"timestamp": "2026-01-29T00:22:29.210035", "level": "INFO", "message": "BEGIN (implicit)", "logger": "sqlalchemy.engine.Engine", "module": "base", "func_name": "_connection_begin_impl", "line_no": 2710}
{"timestamp": "2026-01-29T00:22:29.210451", "level": "INFO", "message": "SELECT users.username, users.email, users.is_active, users.is_superuser, users.hashed_password, users.id, users.created_at, users.updated_at \nFROM users \nWHERE users.username = $1::VARCHAR", "logger": "sqlalchemy.engine.Engine", "module": "base", "func_name": "_execute_context", "line_no": 1846}
{"timestamp": "2026-01-29T00:22:29.210628", "level": "INFO", "message": "[cached since 220.9s ago] ('n2jzfpdhwlzzj2jrjmsf',)", "logger": "sqlalchemy.engine.Engine", "module": "base", "func_name": "_execute_context", "line_no": 1846}
{"timestamp": "2026-01-29T00:22:29.212690", "level": "INFO", "message": "ROLLBACK", "logger": "sqlalchemy.engine.Engine", "module": "base", "func_name": "_connection_rollback_impl", "line_no": 2713}
{"timestamp": "2026-01-29T00:22:29.256349", "level": "INFO", "message": "BEGIN (implicit)", "logger": "sqlalchemy.engine.Engine", "module": "base", "func_name": "_connection_begin_impl", "line_no": 2710}
{"timestamp": "2026-01-29T00:22:29.256729", "level": "INFO", "message": "SELECT users.username AS users_username, users.email AS users_email, users.is_active AS users_is_active, users.is_superuser AS users_is_superuser, users.hashed_password AS users_hashed_password, users.id AS users_id, users.created_at AS users_created_at, users.updated_at AS users_updated_at \nFROM users \nWHERE users.id = $1::UUID", "logger": "sqlalchemy.engine.Engine", "module": "base", "func_name": "_execute_context", "line_no": 1846}
{"timestamp": "2026-01-29T00:22:29.256887", "level": "INFO", "message": "[cached since 202.9s ago] ('019bfb48-46df-b1f4-782c-04769ab392e4',)", "logger": "sqlalchemy.engine.Engine", "module": "base", "func_name": "_execute_context", "line_no": 1846}
{"timestamp": "2026-01-29T00:22:29.258722", "level": "INFO", "message": "ROLLBACK", "logger": "sqlalchemy.engine.Engine", "module": "base", "func_name": "_connection_rollback_impl", "line_no": 2713}
{"timestamp": "2026-01-29T00:22:45.399324", "level": "INFO", "message": "BEGIN (implicit)", "logger": "sqlalchemy.engine.Engine", "module": "base", "func_name": "_connection_begin_impl", "line_no": 2710}
{"timestamp": "2026-01-29T00:22:45.399659", "level": "INFO", "message": "SELECT users.username, users.email, users.is_active, users.is_superuser, users.hashed_password, users.id, users.created_at, users.updated_at \nFROM users \nWHERE users.username = $1::VARCHAR", "logger": "sqlalchemy.engine.Engine", "module": "base", "func_name": "_execute_context", "line_no": 1846}
{"timestamp": "2026-01-29T00:22:45.399811", "level": "INFO", "message": "[cached since 237.1s ago] ('n2jzfpdhwlzzj2jrjmsf',)", "logger": "sqlalchemy.engine.Engine", "module": "base", "func_name": "_execute_context", "line_no": 1846}
{"timestamp": "2026-01-29T00:22:45.401459", "level": "INFO", "message": "ROLLBACK", "logger": "sqlalchemy.engine.Engine", "module": "base", "func_name": "_connection_rollback_impl", "line_no": 2713}
{"timestamp": "2026-01-29T00:22:45.418117", "level": "INFO", "message": "BEGIN (implicit)", "logger": "sqlalchemy.engine.Engine", "module": "base", "func_name": "_connection_begin_impl", "line_no": 2710}
{"timestamp": "2026-01-29T00:22:45.418456", "level": "INFO", "message": "SELECT users.username AS users_username, users.email AS users_email, users.is_active AS users_is_active, users.is_superuser AS users_is_superuser, users.hashed_password AS users_hashed_password, users.id AS users_id, users.created_at AS users_created_at, users.updated_at AS users_updated_at \nFROM users \nWHERE users.id = $1::UUID", "logger": "sqlalchemy.engine.Engine", "module": "base", "func_name": "_execute_context", "line_no": 1846}
{"timestamp": "2026-01-29T00:22:45.418604", "level": "INFO", "message": "[cached since 219.1s ago] ('019bfb48-46df-b1f4-782c-04769ab392e4',)", "logger": "sqlalchemy.engine.Engine", "module": "base", "func_name": "_execute_context", "line_no": 1846}
{"timestamp": "2026-01-29T00:22:45.420444", "level": "INFO", "message": "ROLLBACK", "logger": "sqlalchemy.engine.Engine", "module": "base", "func_name": "_connection_rollback_impl", "line_no": 2713}
{"timestamp": "2026-01-29T00:22:49.231498", "level": "INFO", "message": "BEGIN (implicit)", "logger": "sqlalchemy.engine.Engine", "module": "base", "func_name": "_connection_begin_impl", "line_no": 2710}
{"timestamp": "2026-01-29T00:22:49.231778", "level": "INFO", "message": "SELECT users.username, users.email, users.is_active, users.is_superuser, users.hashed_password, users.id, users.created_at, users.updated_at \nFROM users \nWHERE users.username = $1::VARCHAR", "logger": "sqlalchemy.engine.Engine", "module": "base", "func_name": "_execute_context", "line_no": 1846}
{"timestamp": "2026-01-29T00:22:49.231900", "level": "INFO", "message": "[cached since 241s ago] ('n2jzfpdhwlzzj2jrjmsf',)", "logger": "sqlalchemy.engine.Engine", "module": "base", "func_name": "_execute_context", "line_no": 1846}
{"timestamp": "2026-01-29T00:22:49.233522", "level": "INFO", "message": "ROLLBACK", "logger": "sqlalchemy.engine.Engine", "module": "base", "func_name": "_connection_rollback_impl", "line_no": 2713}
{"timestamp": "2026-01-29T00:22:49.247962", "level": "INFO", "message": "BEGIN (implicit)", "logger": "sqlalchemy.engine.Engine", "module": "base", "func_name": "_connection_begin_impl", "line_no": 2710}
{"timestamp": "2026-01-29T00:22:49.248299", "level": "INFO", "message": "SELECT users.username AS users_username, users.email AS users_email, users.is_active AS users_is_active, users.is_superuser AS users_is_superuser, users.hashed_password AS users_hashed_password, users.id AS users_id, users.created_at AS users_created_at, users.updated_at AS users_updated_at \nFROM users \nWHERE users.id = $1::UUID", "logger": "sqlalchemy.engine.Engine", "module": "base", "func_name": "_execute_context", "line_no": 1846}
{"timestamp": "2026-01-29T00:22:49.248446", "level": "INFO", "message": "[cached since 222.9s ago] ('019bfb48-46df-b1f4-782c-04769ab392e4',)", "logger": "sqlalchemy.engine.Engine", "module": "base", "func_name": "_execute_context", "line_no": 1846}
{"timestamp": "2026-01-29T00:22:49.249965", "level": "INFO", "message": "ROLLBACK", "logger": "sqlalchemy.engine.Engine", "module": "base", "func_name": "_connection_rollback_impl", "line_no": 2713}
{"timestamp": "2026-01-29T00:22:52.234855", "level": "INFO", "message": "BEGIN (implicit)", "logger": "sqlalchemy.engine.Engine", "module": "base", "func_name": "_connection_begin_impl", "line_no": 2710}
{"timestamp": "2026-01-29T00:22:52.235192", "level": "INFO", "message": "SELECT users.username, users.email, users.is_active, users.is_superuser, users.hashed_password, users.id, users.created_at, users.updated_at \nFROM users \nWHERE users.username = $1::VARCHAR", "logger": "sqlalchemy.engine.Engine", "module": "base", "func_name": "_execute_context", "line_no": 1846}
{"timestamp": "2026-01-29T00:22:52.235491", "level": "INFO", "message": "[cached since 244s ago] ('n2jzfpdhwlzzj2jrjmsf',)", "logger": "sqlalchemy.engine.Engine", "module": "base", "func_name": "_execute_context", "line_no": 1846}
{"timestamp": "2026-01-29T00:22:52.237372", "level": "INFO", "message": "ROLLBACK", "logger": "sqlalchemy.engine.Engine", "module": "base", "func_name": "_connection_rollback_impl", "line_no": 2713}
{"timestamp": "2026-01-29T00:22:52.253725", "level": "INFO", "message": "BEGIN (implicit)", "logger": "sqlalchemy.engine.Engine", "module": "base", "func_name": "_connection_begin_impl", "line_no": 2710}
{"timestamp": "2026-01-29T00:22:52.254088", "level": "INFO", "message": "SELECT users.username AS users_username, users.email AS users_email, users.is_active AS users_is_active, users.is_superuser AS users_is_superuser, users.hashed_password AS users_hashed_password, users.id AS users_id, users.created_at AS users_created_at, users.updated_at AS users_updated_at \nFROM users \nWHERE users.id = $1::UUID", "logger": "sqlalchemy.engine.Engine", "module": "base", "func_name": "_execute_context", "line_no": 1846}
{"timestamp": "2026-01-29T00:22:52.254251", "level": "INFO", "message": "[cached since 225.9s ago] ('019bfb48-46df-b1f4-782c-04769ab392e4',)", "logger": "sqlalchemy.engine.Engine", "module": "base", "func_name": "_execute_context", "line_no": 1846}
{"timestamp": "2026-01-29T00:22:52.256236", "level": "INFO", "message": "ROLLBACK", "logger": "sqlalchemy.engine.Engine", "module": "base", "func_name": "_connection_rollback_impl", "line_no": 2713}
{"timestamp": "2026-01-29T00:22:53.347866", "level": "INFO", "message": "BEGIN (implicit)", "logger": "sqlalchemy.engine.Engine", "module": "base", "func_name": "_connection_begin_impl", "line_no": 2710}
{"timestamp": "2026-01-29T00:22:53.348224", "level": "INFO", "message": "SELECT users.username, users.email, users.is_active, users.is_superuser, users.hashed_password, users.id, users.created_at, users.updated_at \nFROM users \nWHERE users.username = $1::VARCHAR", "logger": "sqlalchemy.engine.Engine", "module": "base", "func_name": "_execute_context", "line_no": 1846}
{"timestamp": "2026-01-29T00:22:53.348372", "level": "INFO", "message": "[cached since 245.1s ago] ('n2jzfpdhwlzzj2jrjmsf',)", "logger": "sqlalchemy.engine.Engine", "module": "base", "func_name": "_execute_context", "line_no": 1846}
{"timestamp": "2026-01-29T00:22:53.350440", "level": "INFO", "message": "ROLLBACK", "logger": "sqlalchemy.engine.Engine", "module": "base", "func_name": "_connection_rollback_impl", "line_no": 2713}
{"timestamp": "2026-01-29T00:22:53.367639", "level": "INFO", "message": "BEGIN (implicit)", "logger": "sqlalchemy.engine.Engine", "module": "base", "func_name": "_connection_begin_impl", "line_no": 2710}
{"timestamp": "2026-01-29T00:22:53.367969", "level": "INFO", "message": "SELECT users.username AS users_username, users.email AS users_email, users.is_active AS users_is_active, users.is_superuser AS users_is_superuser, users.hashed_password AS users_hashed_password, users.id AS users_id, users.created_at AS users_created_at, users.updated_at AS users_updated_at \nFROM users \nWHERE users.id = $1::UUID", "logger": "sqlalchemy.engine.Engine", "module": "base", "func_name": "_execute_context", "line_no": 1846}
{"timestamp": "2026-01-29T00:22:53.368121", "level": "INFO", "message": "[cached since 227s ago] ('019bfb48-46df-b1f4-782c-04769ab392e4',)", "logger": "sqlalchemy.engine.Engine", "module": "base", "func_name": "_execute_context", "line_no": 1846}
{"timestamp": "2026-01-29T00:22:53.369767", "level": "INFO", "message": "ROLLBACK", "logger": "sqlalchemy.engine.Engine", "module": "base", "func_name": "_connection_rollback_impl", "line_no": 2713}
{"timestamp": "2026-01-29T00:22:58.259506", "level": "INFO", "message": "BEGIN (implicit)", "logger": "sqlalchemy.engine.Engine", "module": "base", "func_name": "_connection_begin_impl", "line_no": 2710}
{"timestamp": "2026-01-29T00:22:58.259847", "level": "INFO", "message": "SELECT users.username, users.email, users.is_active, users.is_superuser, users.hashed_password, users.id, users.created_at, users.updated_at \nFROM users \nWHERE users.username = $1::VARCHAR", "logger": "sqlalchemy.engine.Engine", "module": "base", "func_name": "_execute_context", "line_no": 1846}
{"timestamp": "2026-01-29T00:22:58.260006", "level": "INFO", "message": "[cached since 250s ago] ('n2jzfpdhwlzzj2jrjmsf',)", "logger": "sqlalchemy.engine.Engine", "module": "base", "func_name": "_execute_context", "line_no": 1846}
{"timestamp": "2026-01-29T00:22:58.261539", "level": "INFO", "message": "ROLLBACK", "logger": "sqlalchemy.engine.Engine", "module": "base", "func_name": "_connection_rollback_impl", "line_no": 2713}
{"timestamp": "2026-01-29T00:22:58.278552", "level": "INFO", "message": "BEGIN (implicit)", "logger": "sqlalchemy.engine.Engine", "module": "base", "func_name": "_connection_begin_impl", "line_no": 2710}
{"timestamp": "2026-01-29T00:22:58.278877", "level": "INFO", "message": "SELECT users.username AS users_username, users.email AS users_email, users.is_active AS users_is_active, users.is_superuser AS users_is_superuser, users.hashed_password AS users_hashed_password, users.id AS users_id, users.created_at AS users_created_at, users.updated_at AS users_updated_at \nFROM users \nWHERE users.id = $1::UUID", "logger": "sqlalchemy.engine.Engine", "module": "base", "func_name": "_execute_context", "line_no": 1846}
{"timestamp": "2026-01-29T00:22:58.279027", "level": "INFO", "message": "[cached since 232s ago] ('019bfb48-46df-b1f4-782c-04769ab392e4',)", "logger": "sqlalchemy.engine.Engine", "module": "base", "func_name": "_execute_context", "line_no": 1846}
{"timestamp": "2026-01-29T00:22:58.280867", "level": "INFO", "message": "ROLLBACK", "logger": "sqlalchemy.engine.Engine", "module": "base", "func_name": "_connection_rollback_impl", "line_no": 2713}
{"timestamp": "2026-01-29T00:22:59.140223", "level": "INFO", "message": "BEGIN (implicit)", "logger": "sqlalchemy.engine.Engine", "module": "base", "func_name": "_connection_begin_impl", "line_no": 2710}
{"timestamp": "2026-01-29T00:22:59.140552", "level": "INFO", "message": "SELECT users.username, users.email, users.is_active, users.is_superuser, users.hashed_password, users.id, users.created_at, users.updated_at \nFROM users \nWHERE users.username = $1::VARCHAR", "logger": "sqlalchemy.engine.Engine", "module": "base", "func_name": "_execute_context", "line_no": 1846}
{"timestamp": "2026-01-29T00:22:59.140696", "level": "INFO", "message": "[cached since 250.9s ago] ('n2jzfpdhwlzzj2jrjmsf',)", "logger": "sqlalchemy.engine.Engine", "module": "base", "func_name": "_execute_context", "line_no": 1846}
{"timestamp": "2026-01-29T00:22:59.142325", "level": "INFO", "message": "ROLLBACK", "logger": "sqlalchemy.engine.Engine", "module": "base", "func_name": "_connection_rollback_impl", "line_no": 2713}
{"timestamp": "2026-01-29T00:22:59.157297", "level": "INFO", "message": "BEGIN (implicit)", "logger": "sqlalchemy.engine.Engine", "module": "base", "func_name": "_connection_begin_impl", "line_no": 2710}
{"timestamp": "2026-01-29T00:22:59.157628", "level": "INFO", "message": "SELECT users.username AS users_username, users.email AS users_email, users.is_active AS users_is_active, users.is_superuser AS users_is_superuser, users.hashed_password AS users_hashed_password, users.id AS users_id, users.created_at AS users_created_at, users.updated_at AS users_updated_at \nFROM users \nWHERE users.id = $1::UUID", "logger": "sqlalchemy.engine.Engine", "module": "base", "func_name": "_execute_context", "line_no": 1846}
{"timestamp": "2026-01-29T00:22:59.157776", "level": "INFO", "message": "[cached since 232.8s ago] ('019bfb48-46df-b1f4-782c-04769ab392e4',)", "logger": "sqlalchemy.engine.Engine", "module": "base", "func_name": "_execute_context", "line_no": 1846}
{"timestamp": "2026-01-29T00:22:59.159381", "level": "INFO", "message": "ROLLBACK", "logger": "sqlalchemy.engine.Engine", "module": "base", "func_name": "_connection_rollback_impl", "line_no": 2713}
{"timestamp": "2026-01-29T00:23:04.389897", "level": "INFO", "message": "BEGIN (implicit)", "logger": "sqlalchemy.engine.Engine", "module": "base", "func_name": "_connection_begin_impl", "line_no": 2710}
{"timestamp": "2026-01-29T00:23:04.390183", "level": "INFO", "message": "SELECT users.username, users.email, users.is_active, users.is_superuser, users.hashed_password, users.id, users.created_at, users.updated_at \nFROM users \nWHERE users.username = $1::VARCHAR", "logger": "sqlalchemy.engine.Engine", "module": "base", "func_name": "_execute_context", "line_no": 1846}
{"timestamp": "2026-01-29T00:23:04.390383", "level": "INFO", "message": "[cached since 256.1s ago] ('n2jzfpdhwlzzj2jrjmsf',)", "logger": "sqlalchemy.engine.Engine", "module": "base", "func_name": "_execute_context", "line_no": 1846}
{"timestamp": "2026-01-29T00:23:04.391896", "level": "INFO", "message": "ROLLBACK", "logger": "sqlalchemy.engine.Engine", "module": "base", "func_name": "_connection_rollback_impl", "line_no": 2713}
{"timestamp": "2026-01-29T00:23:04.406675", "level": "INFO", "message": "BEGIN (implicit)", "logger": "sqlalchemy.engine.Engine", "module": "base", "func_name": "_connection_begin_impl", "line_no": 2710}
{"timestamp": "2026-01-29T00:23:04.407015", "level": "INFO", "message": "SELECT users.username AS users_username, users.email AS users_email, users.is_active AS users_is_active, users.is_superuser AS users_is_superuser, users.hashed_password AS users_hashed_password, users.id AS users_id, users.created_at AS users_created_at, users.updated_at AS users_updated_at \nFROM users \nWHERE users.id = $1::UUID", "logger": "sqlalchemy.engine.Engine", "module": "base", "func_name": "_execute_context", "line_no": 1846}
{"timestamp": "2026-01-29T00:23:04.407218", "level": "INFO", "message": "[cached since 238.1s ago] ('019bfb48-46df-b1f4-782c-04769ab392e4',)", "logger": "sqlalchemy.engine.Engine", "module": "base", "func_name": "_execute_context", "line_no": 1846}
{"timestamp": "2026-01-29T00:23:04.409008", "level": "INFO", "message": "ROLLBACK", "logger": "sqlalchemy.engine.Engine", "module": "base", "func_name": "_connection_rollback_impl", "line_no": 2713}
{"timestamp": "2026-01-29T00:23:06.991233", "level": "INFO", "message": "BEGIN (implicit)", "logger": "sqlalchemy.engine.Engine", "module": "base", "func_name": "_connection_begin_impl", "line_no": 2710}
{"timestamp": "2026-01-29T00:23:06.991513", "level": "INFO", "message": "SELECT users.username, users.email, users.is_active, users.is_superuser, users.hashed_password, users.id, users.created_at, users.updated_at \nFROM users \nWHERE users.username = $1::VARCHAR", "logger": "sqlalchemy.engine.Engine", "module": "base", "func_name": "_execute_context", "line_no": 1846}
{"timestamp": "2026-01-29T00:23:06.991642", "level": "INFO", "message": "[cached since 258.7s ago] ('n2jzfpdhwlzzj2jrjmsf',)", "logger": "sqlalchemy.engine.Engine", "module": "base", "func_name": "_execute_context", "line_no": 1846}
{"timestamp": "2026-01-29T00:23:06.993269", "level": "INFO", "message": "ROLLBACK", "logger": "sqlalchemy.engine.Engine", "module": "base", "func_name": "_connection_rollback_impl", "line_no": 2713}
{"timestamp": "2026-01-29T00:23:07.009598", "level": "INFO", "message": "BEGIN (implicit)", "logger": "sqlalchemy.engine.Engine", "module": "base", "func_name": "_connection_begin_impl", "line_no": 2710}
{"timestamp": "2026-01-29T00:23:07.009959", "level": "INFO", "message": "SELECT users.username AS users_username, users.email AS users_email, users.is_active AS users_is_active, users.is_superuser AS users_is_superuser, users.hashed_password AS users_hashed_password, users.id AS users_id, users.created_at AS users_created_at, users.updated_at AS users_updated_at \nFROM users \nWHERE users.id = $1::UUID", "logger": "sqlalchemy.engine.Engine", "module": "base", "func_name": "_execute_context", "line_no": 1846}
{"timestamp": "2026-01-29T00:23:07.010119", "level": "INFO", "message": "[cached since 240.7s ago] ('019bfb48-46df-b1f4-782c-04769ab392e4',)", "logger": "sqlalchemy.engine.Engine", "module": "base", "func_name": "_execute_context", "line_no": 1846}
{"timestamp": "2026-01-29T00:23:07.011846", "level": "INFO", "message": "ROLLBACK", "logger": "sqlalchemy.engine.Engine", "module": "base", "func_name": "_connection_rollback_impl", "line_no": 2713}
{"timestamp": "2026-01-29T18:39:53.571421", "level": "INFO", "message": "系统初始化完成", "logger": "app.main", "module": "main", "func_name": "<module>", "line_no": 31}
{"timestamp": "2026-01-29T18:43:46.675304", "level": "INFO", "message": "系统初始化完成", "logger": "app.main", "module": "main", "func_name": "<module>", "line_no": 31}
{"timestamp": "2026-01-29T19:28:10.499281", "level": "INFO", "message": "系统初始化完成", "logger": "app.main", "module": "main", "func_name": "<module>", "line_no": 31}
{"timestamp": "2026-01-29T19:29:10.767387", "level": "INFO", "message": "系统初始化完成", "logger": "app.main", "module": "main", "func_name": "<module>", "line_no": 31}
{"timestamp": "2026-01-29T19:32:08.551733", "level": "INFO", "message": "系统初始化完成", "logger": "app.main", "module": "main", "func_name": "<module>", "line_no": 31}
{"timestamp": "2026-01-29T19:33:45.469687", "level": "INFO", "message": "系统初始化完成", "logger": "app.main", "module": "main", "func_name": "<module>", "line_no": 31}
{"timestamp": "2026-01-29T19:34:40.480189", "level": "INFO", "message": "系统初始化完成", "logger": "app.main", "module": "main", "func_name": "<module>", "line_no": 31}
{"timestamp": "2026-01-29T19:34:57.941885", "level": "INFO", "message": "系统初始化完成", "logger": "app.main", "module": "main", "func_name": "<module>", "line_no": 31}
{"timestamp": "2026-01-29T19:38:14.802728", "level": "INFO", "message": "系统初始化完成", "logger": "app.main", "module": "main", "func_name": "<module>", "line_no": 31}
{"timestamp": "2026-01-29T19:40:32.896191", "level": "INFO", "message": "系统初始化完成", "logger": "app.main", "module": "main", "func_name": "<module>", "line_no": 31}
{"timestamp": "2026-01-29T19:41:51.549027", "level": "INFO", "message": "系统初始化完成", "logger": "app.main", "module": "main", "func_name": "<module>", "line_no": 31}
{"timestamp": "2026-01-29T19:41:58.538317", "level": "INFO", "message": "系统初始化完成", "logger": "app.main", "module": "main", "func_name": "<module>", "line_no": 31}
{"timestamp": "2026-01-29T19:43:46.116619", "level": "INFO", "message": "系统初始化完成", "logger": "app.main", "module": "main", "func_name": "<module>", "line_no": 31}
{"timestamp": "2026-01-29T19:44:22.859143", "level": "INFO", "message": "系统初始化完成", "logger": "app.main", "module": "main", "func_name": "<module>", "line_no": 31}
{"timestamp": "2026-01-29T19:45:12.678478", "level": "INFO", "message": "系统初始化完成", "logger": "app.main", "module": "main", "func_name": "<module>", "line_no": 31}
{"timestamp": "2026-01-29T19:46:06.851732", "level": "INFO", "message": "系统初始化完成", "logger": "app.main", "module": "main", "func_name": "<module>", "line_no": 31}
{"timestamp": "2026-01-29T19:47:50.668974", "level": "INFO", "message": "系统初始化完成", "logger": "app.main", "module": "main", "func_name": "<module>", "line_no": 26}
{"timestamp": "2026-01-29T19:48:17.946754", "level": "INFO", "message": "系统初始化完成", "logger": "app.main", "module": "main", "func_name": "<module>", "line_no": 26}
{"timestamp": "2026-01-29T20:05:47.075884", "level": "INFO", "message": "系统初始化完成", "logger": "app.main", "module": "main", "func_name": "<module>", "line_no": 26}
{"timestamp": "2026-01-29T20:07:05.062011", "level": "ERROR", "message": "全局异常捕获: POST http://127.0.0.1:8000/api/v1/auth/login - 'SQLAlchemyUnitOfWork' object has no attribute 'user'", "logger": "app.core.exceptions", "module": "exceptions", "func_name": "global_exception_handler", "line_no": 44, "exception": "Traceback (most recent call last):\n  File \"/home/tongying/workspace/mlops-project/.venv/lib/python3.11/site-packages/starlette/middleware/errors.py\", line 164, in __call__\n    await self.app(scope, receive, _send)\n  File \"/home/tongying/workspace/mlops-project/.venv/lib/python3.11/site-packages/starlette/middleware/exceptions.py\", line 63, in __call__\n    await wrap_app_handling_exceptions(self.app, conn)(scope, receive, send)\n  File \"/home/tongying/workspace/mlops-project/.venv/lib/python3.11/site-packages/starlette/_exception_handler.py\", line 53, in wrapped_app\n    raise exc\n  File \"/home/tongying/workspace/mlops-project/.venv/lib/python3.11/site-packages/starlette/_exception_handler.py\", line 42, in wrapped_app\n    await app(scope, receive, sender)\n  File \"/home/tongying/workspace/mlops-project/.venv/lib/python3.11/site-packages/fastapi/middleware/asyncexitstack.py\", line 18, in __call__\n    await self.app(scope, receive, send)\n  File \"/home/tongying/workspace/mlops-project/.venv/lib/python3.11/site-packages/starlette/routing.py\", line 716, in __call__\n    await self.middleware_stack(scope, receive, send)\n  File \"/home/tongying/workspace/mlops-project/.venv/lib/python3.11/site-packages/starlette/routing.py\", line 736, in app\n    await route.handle(scope, receive, send)\n  File \"/home/tongying/workspace/mlops-project/.venv/lib/python3.11/site-packages/starlette/routing.py\", line 290, in handle\n    await self.app(scope, receive, send)\n  File \"/home/tongying/workspace/mlops-project/.venv/lib/python3.11/site-packages/fastapi/routing.py\", line 118, in app\n    await wrap_app_handling_exceptions(app, request)(scope, receive, send)\n  File \"/home/tongying/workspace/mlops-project/.venv/lib/python3.11/site-packages/starlette/_exception_handler.py\", line 53, in wrapped_app\n    raise exc\n  File \"/home/tongying/workspace/mlops-project/.venv/lib/python3.11/site-packages/starlette/_exception_handler.py\", line 42, in wrapped_app\n    await app(scope, receive, sender)\n  File \"/home/tongying/workspace/mlops-project/.venv/lib/python3.11/site-packages/fastapi/routing.py\", line 104, in app\n    response = await f(request)\n               ^^^^^^^^^^^^^^^^\n  File \"/home/tongying/workspace/mlops-project/.venv/lib/python3.11/site-packages/fastapi/routing.py\", line 428, in app\n    raw_response = await run_endpoint_function(\n                   ^^^^^^^^^^^^^^^^^^^^^^^^^^^^\n  File \"/home/tongying/workspace/mlops-project/.venv/lib/python3.11/site-packages/fastapi/routing.py\", line 314, in run_endpoint_function\n    return await dependant.call(**values)\n           ^^^^^^^^^^^^^^^^^^^^^^^^^^^^^^\n  File \"/home/tongying/workspace/mlops-project/app/api/v1/endpoint/auth.py\", line 32, in login\n    user = await service.authenticate(login_data)\n           ^^^^^^^^^^^^^^^^^^^^^^^^^^^^^^^^^^^^^^\n  File \"/home/tongying/workspace/mlops-project/app/services/user_service.py\", line 175, in authenticate\n    user = await self.uow.user.get_by_username(user_in.username)\n                 ^^^^^^^^^^^^^\nAttributeError: 'SQLAlchemyUnitOfWork' object has no attribute 'user'"}
{"timestamp": "2026-01-29T20:07:14.172540", "level": "ERROR", "message": "全局异常捕获: POST http://127.0.0.1:8000/api/v1/auth/login - 'SQLAlchemyUnitOfWork' object has no attribute 'user'", "logger": "app.core.exceptions", "module": "exceptions", "func_name": "global_exception_handler", "line_no": 44, "exception": "Traceback (most recent call last):\n  File \"/home/tongying/workspace/mlops-project/.venv/lib/python3.11/site-packages/starlette/middleware/errors.py\", line 164, in __call__\n    await self.app(scope, receive, _send)\n  File \"/home/tongying/workspace/mlops-project/.venv/lib/python3.11/site-packages/starlette/middleware/exceptions.py\", line 63, in __call__\n    await wrap_app_handling_exceptions(self.app, conn)(scope, receive, send)\n  File \"/home/tongying/workspace/mlops-project/.venv/lib/python3.11/site-packages/starlette/_exception_handler.py\", line 53, in wrapped_app\n    raise exc\n  File \"/home/tongying/workspace/mlops-project/.venv/lib/python3.11/site-packages/starlette/_exception_handler.py\", line 42, in wrapped_app\n    await app(scope, receive, sender)\n  File \"/home/tongying/workspace/mlops-project/.venv/lib/python3.11/site-packages/fastapi/middleware/asyncexitstack.py\", line 18, in __call__\n    await self.app(scope, receive, send)\n  File \"/home/tongying/workspace/mlops-project/.venv/lib/python3.11/site-packages/starlette/routing.py\", line 716, in __call__\n    await self.middleware_stack(scope, receive, send)\n  File \"/home/tongying/workspace/mlops-project/.venv/lib/python3.11/site-packages/starlette/routing.py\", line 736, in app\n    await route.handle(scope, receive, send)\n  File \"/home/tongying/workspace/mlops-project/.venv/lib/python3.11/site-packages/starlette/routing.py\", line 290, in handle\n    await self.app(scope, receive, send)\n  File \"/home/tongying/workspace/mlops-project/.venv/lib/python3.11/site-packages/fastapi/routing.py\", line 118, in app\n    await wrap_app_handling_exceptions(app, request)(scope, receive, send)\n  File \"/home/tongying/workspace/mlops-project/.venv/lib/python3.11/site-packages/starlette/_exception_handler.py\", line 53, in wrapped_app\n    raise exc\n  File \"/home/tongying/workspace/mlops-project/.venv/lib/python3.11/site-packages/starlette/_exception_handler.py\", line 42, in wrapped_app\n    await app(scope, receive, sender)\n  File \"/home/tongying/workspace/mlops-project/.venv/lib/python3.11/site-packages/fastapi/routing.py\", line 104, in app\n    response = await f(request)\n               ^^^^^^^^^^^^^^^^\n  File \"/home/tongying/workspace/mlops-project/.venv/lib/python3.11/site-packages/fastapi/routing.py\", line 428, in app\n    raw_response = await run_endpoint_function(\n                   ^^^^^^^^^^^^^^^^^^^^^^^^^^^^\n  File \"/home/tongying/workspace/mlops-project/.venv/lib/python3.11/site-packages/fastapi/routing.py\", line 314, in run_endpoint_function\n    return await dependant.call(**values)\n           ^^^^^^^^^^^^^^^^^^^^^^^^^^^^^^\n  File \"/home/tongying/workspace/mlops-project/app/api/v1/endpoint/auth.py\", line 32, in login\n    user = await service.authenticate(login_data)\n           ^^^^^^^^^^^^^^^^^^^^^^^^^^^^^^^^^^^^^^\n  File \"/home/tongying/workspace/mlops-project/app/services/user_service.py\", line 175, in authenticate\n    user = await self.uow.user.get_by_username(user_in.username)\n                 ^^^^^^^^^^^^^\nAttributeError: 'SQLAlchemyUnitOfWork' object has no attribute 'user'"}
{"timestamp": "2026-01-29T20:15:42.866081", "level": "INFO", "message": "系统初始化完成", "logger": "app.main", "module": "main", "func_name": "<module>", "line_no": 26}
{"timestamp": "2026-01-29T20:15:42.885427", "level": "INFO", "message": "系统初始化完成", "logger": "app.main", "module": "main", "func_name": "<module>", "line_no": 26}
{"timestamp": "2026-01-29T20:15:57.750033", "level": "ERROR", "message": "全局异常捕获: POST http://127.0.0.1:8000/api/v1/auth/login - 'SQLAlchemyUnitOfWork' object has no attribute 'user'", "logger": "app.core.exceptions", "module": "exceptions", "func_name": "global_exception_handler", "line_no": 44, "exception": "Traceback (most recent call last):\n  File \"/home/tongying/workspace/mlops-project/.venv/lib/python3.11/site-packages/starlette/middleware/errors.py\", line 164, in __call__\n    await self.app(scope, receive, _send)\n  File \"/home/tongying/workspace/mlops-project/.venv/lib/python3.11/site-packages/starlette/middleware/exceptions.py\", line 63, in __call__\n    await wrap_app_handling_exceptions(self.app, conn)(scope, receive, send)\n  File \"/home/tongying/workspace/mlops-project/.venv/lib/python3.11/site-packages/starlette/_exception_handler.py\", line 53, in wrapped_app\n    raise exc\n  File \"/home/tongying/workspace/mlops-project/.venv/lib/python3.11/site-packages/starlette/_exception_handler.py\", line 42, in wrapped_app\n    await app(scope, receive, sender)\n  File \"/home/tongying/workspace/mlops-project/.venv/lib/python3.11/site-packages/fastapi/middleware/asyncexitstack.py\", line 18, in __call__\n    await self.app(scope, receive, send)\n  File \"/home/tongying/workspace/mlops-project/.venv/lib/python3.11/site-packages/starlette/routing.py\", line 716, in __call__\n    await self.middleware_stack(scope, receive, send)\n  File \"/home/tongying/workspace/mlops-project/.venv/lib/python3.11/site-packages/starlette/routing.py\", line 736, in app\n    await route.handle(scope, receive, send)\n  File \"/home/tongying/workspace/mlops-project/.venv/lib/python3.11/site-packages/starlette/routing.py\", line 290, in handle\n    await self.app(scope, receive, send)\n  File \"/home/tongying/workspace/mlops-project/.venv/lib/python3.11/site-packages/fastapi/routing.py\", line 118, in app\n    await wrap_app_handling_exceptions(app, request)(scope, receive, send)\n  File \"/home/tongying/workspace/mlops-project/.venv/lib/python3.11/site-packages/starlette/_exception_handler.py\", line 53, in wrapped_app\n    raise exc\n  File \"/home/tongying/workspace/mlops-project/.venv/lib/python3.11/site-packages/starlette/_exception_handler.py\", line 42, in wrapped_app\n    await app(scope, receive, sender)\n  File \"/home/tongying/workspace/mlops-project/.venv/lib/python3.11/site-packages/fastapi/routing.py\", line 104, in app\n    response = await f(request)\n               ^^^^^^^^^^^^^^^^\n  File \"/home/tongying/workspace/mlops-project/.venv/lib/python3.11/site-packages/fastapi/routing.py\", line 428, in app\n    raw_response = await run_endpoint_function(\n                   ^^^^^^^^^^^^^^^^^^^^^^^^^^^^\n  File \"/home/tongying/workspace/mlops-project/.venv/lib/python3.11/site-packages/fastapi/routing.py\", line 314, in run_endpoint_function\n    return await dependant.call(**values)\n           ^^^^^^^^^^^^^^^^^^^^^^^^^^^^^^\n  File \"/home/tongying/workspace/mlops-project/app/api/v1/endpoint/auth.py\", line 32, in login\n    user = await service.authenticate(login_data)\n           ^^^^^^^^^^^^^^^^^^^^^^^^^^^^^^^^^^^^^^\n  File \"/home/tongying/workspace/mlops-project/app/services/user_service.py\", line 176, in authenticate\n    user = await self.uow.user.get_by_username(user_in.username)\n                 ^^^^^^^^^^^^^\nAttributeError: 'SQLAlchemyUnitOfWork' object has no attribute 'user'"}
{"timestamp": "2026-01-29T20:15:59.645062", "level": "ERROR", "message": "全局异常捕获: POST http://127.0.0.1:8000/api/v1/auth/login - 'SQLAlchemyUnitOfWork' object has no attribute 'user'", "logger": "app.core.exceptions", "module": "exceptions", "func_name": "global_exception_handler", "line_no": 44, "exception": "Traceback (most recent call last):\n  File \"/home/tongying/workspace/mlops-project/.venv/lib/python3.11/site-packages/starlette/middleware/errors.py\", line 164, in __call__\n    await self.app(scope, receive, _send)\n  File \"/home/tongying/workspace/mlops-project/.venv/lib/python3.11/site-packages/starlette/middleware/exceptions.py\", line 63, in __call__\n    await wrap_app_handling_exceptions(self.app, conn)(scope, receive, send)\n  File \"/home/tongying/workspace/mlops-project/.venv/lib/python3.11/site-packages/starlette/_exception_handler.py\", line 53, in wrapped_app\n    raise exc\n  File \"/home/tongying/workspace/mlops-project/.venv/lib/python3.11/site-packages/starlette/_exception_handler.py\", line 42, in wrapped_app\n    await app(scope, receive, sender)\n  File \"/home/tongying/workspace/mlops-project/.venv/lib/python3.11/site-packages/fastapi/middleware/asyncexitstack.py\", line 18, in __call__\n    await self.app(scope, receive, send)\n  File \"/home/tongying/workspace/mlops-project/.venv/lib/python3.11/site-packages/starlette/routing.py\", line 716, in __call__\n    await self.middleware_stack(scope, receive, send)\n  File \"/home/tongying/workspace/mlops-project/.venv/lib/python3.11/site-packages/starlette/routing.py\", line 736, in app\n    await route.handle(scope, receive, send)\n  File \"/home/tongying/workspace/mlops-project/.venv/lib/python3.11/site-packages/starlette/routing.py\", line 290, in handle\n    await self.app(scope, receive, send)\n  File \"/home/tongying/workspace/mlops-project/.venv/lib/python3.11/site-packages/fastapi/routing.py\", line 118, in app\n    await wrap_app_handling_exceptions(app, request)(scope, receive, send)\n  File \"/home/tongying/workspace/mlops-project/.venv/lib/python3.11/site-packages/starlette/_exception_handler.py\", line 53, in wrapped_app\n    raise exc\n  File \"/home/tongying/workspace/mlops-project/.venv/lib/python3.11/site-packages/starlette/_exception_handler.py\", line 42, in wrapped_app\n    await app(scope, receive, sender)\n  File \"/home/tongying/workspace/mlops-project/.venv/lib/python3.11/site-packages/fastapi/routing.py\", line 104, in app\n    response = await f(request)\n               ^^^^^^^^^^^^^^^^\n  File \"/home/tongying/workspace/mlops-project/.venv/lib/python3.11/site-packages/fastapi/routing.py\", line 428, in app\n    raw_response = await run_endpoint_function(\n                   ^^^^^^^^^^^^^^^^^^^^^^^^^^^^\n  File \"/home/tongying/workspace/mlops-project/.venv/lib/python3.11/site-packages/fastapi/routing.py\", line 314, in run_endpoint_function\n    return await dependant.call(**values)\n           ^^^^^^^^^^^^^^^^^^^^^^^^^^^^^^\n  File \"/home/tongying/workspace/mlops-project/app/api/v1/endpoint/auth.py\", line 32, in login\n    user = await service.authenticate(login_data)\n           ^^^^^^^^^^^^^^^^^^^^^^^^^^^^^^^^^^^^^^\n  File \"/home/tongying/workspace/mlops-project/app/services/user_service.py\", line 176, in authenticate\n    user = await self.uow.user.get_by_username(user_in.username)\n                 ^^^^^^^^^^^^^\nAttributeError: 'SQLAlchemyUnitOfWork' object has no attribute 'user'"}
{"timestamp": "2026-01-29T20:18:48.649760", "level": "INFO", "message": "系统初始化完成", "logger": "app.main", "module": "main", "func_name": "<module>", "line_no": 26}
{"timestamp": "2026-01-29T20:18:48.659237", "level": "INFO", "message": "系统初始化完成", "logger": "app.main", "module": "main", "func_name": "<module>", "line_no": 26}
{"timestamp": "2026-01-29T20:18:52.302079", "level": "ERROR", "message": "全局异常捕获: POST http://127.0.0.1:8000/api/v1/auth/login - 'SQLAlchemyUnitOfWork' object has no attribute 'user'", "logger": "app.core.exceptions", "module": "exceptions", "func_name": "global_exception_handler", "line_no": 44, "exception": "Traceback (most recent call last):\n  File \"/home/tongying/workspace/mlops-project/.venv/lib/python3.11/site-packages/starlette/middleware/errors.py\", line 164, in __call__\n    await self.app(scope, receive, _send)\n  File \"/home/tongying/workspace/mlops-project/.venv/lib/python3.11/site-packages/starlette/middleware/exceptions.py\", line 63, in __call__\n    await wrap_app_handling_exceptions(self.app, conn)(scope, receive, send)\n  File \"/home/tongying/workspace/mlops-project/.venv/lib/python3.11/site-packages/starlette/_exception_handler.py\", line 53, in wrapped_app\n    raise exc\n  File \"/home/tongying/workspace/mlops-project/.venv/lib/python3.11/site-packages/starlette/_exception_handler.py\", line 42, in wrapped_app\n    await app(scope, receive, sender)\n  File \"/home/tongying/workspace/mlops-project/.venv/lib/python3.11/site-packages/fastapi/middleware/asyncexitstack.py\", line 18, in __call__\n    await self.app(scope, receive, send)\n  File \"/home/tongying/workspace/mlops-project/.venv/lib/python3.11/site-packages/starlette/routing.py\", line 716, in __call__\n    await self.middleware_stack(scope, receive, send)\n  File \"/home/tongying/workspace/mlops-project/.venv/lib/python3.11/site-packages/starlette/routing.py\", line 736, in app\n    await route.handle(scope, receive, send)\n  File \"/home/tongying/workspace/mlops-project/.venv/lib/python3.11/site-packages/starlette/routing.py\", line 290, in handle\n    await self.app(scope, receive, send)\n  File \"/home/tongying/workspace/mlops-project/.venv/lib/python3.11/site-packages/fastapi/routing.py\", line 118, in app\n    await wrap_app_handling_exceptions(app, request)(scope, receive, send)\n  File \"/home/tongying/workspace/mlops-project/.venv/lib/python3.11/site-packages/starlette/_exception_handler.py\", line 53, in wrapped_app\n    raise exc\n  File \"/home/tongying/workspace/mlops-project/.venv/lib/python3.11/site-packages/starlette/_exception_handler.py\", line 42, in wrapped_app\n    await app(scope, receive, sender)\n  File \"/home/tongying/workspace/mlops-project/.venv/lib/python3.11/site-packages/fastapi/routing.py\", line 104, in app\n    response = await f(request)\n               ^^^^^^^^^^^^^^^^\n  File \"/home/tongying/workspace/mlops-project/.venv/lib/python3.11/site-packages/fastapi/routing.py\", line 428, in app\n    raw_response = await run_endpoint_function(\n                   ^^^^^^^^^^^^^^^^^^^^^^^^^^^^\n  File \"/home/tongying/workspace/mlops-project/.venv/lib/python3.11/site-packages/fastapi/routing.py\", line 314, in run_endpoint_function\n    return await dependant.call(**values)\n           ^^^^^^^^^^^^^^^^^^^^^^^^^^^^^^\n  File \"/home/tongying/workspace/mlops-project/app/api/v1/endpoint/auth.py\", line 32, in login\n    user = await service.authenticate(login_data)\n           ^^^^^^^^^^^^^^^^^^^^^^^^^^^^^^^^^^^^^^\n  File \"/home/tongying/workspace/mlops-project/app/services/user_service.py\", line 176, in authenticate\n    user = await self.uow.user.get_by_username(user_in.username)\n                 ^^^^^^^^^^^^^\nAttributeError: 'SQLAlchemyUnitOfWork' object has no attribute 'user'"}
{"timestamp": "2026-01-29T20:21:49.464272", "level": "INFO", "message": "系统初始化完成", "logger": "app.main", "module": "main", "func_name": "<module>", "line_no": 26}
{"timestamp": "2026-01-29T20:21:49.755156", "level": "INFO", "message": "系统初始化完成", "logger": "app.main", "module": "main", "func_name": "<module>", "line_no": 26}
{"timestamp": "2026-01-29T20:32:38.780875", "level": "INFO", "message": "系统初始化完成", "logger": "app.main", "module": "main", "func_name": "<module>", "line_no": 26}
{"timestamp": "2026-01-29T20:32:42.963876", "level": "INFO", "message": "系统初始化完成", "logger": "app.main", "module": "main", "func_name": "<module>", "line_no": 26}
{"timestamp": "2026-01-29T20:32:56.079432", "level": "INFO", "message": "系统初始化完成", "logger": "app.main", "module": "main", "func_name": "<module>", "line_no": 26}
{"timestamp": "2026-01-29T20:33:01.420929", "level": "ERROR", "message": "全局异常捕获: POST http://127.0.0.1:8000/api/v1/auth/login - 'SQLAlchemyUnitOfWork' object has no attribute 'users'", "logger": "app.core.exceptions", "module": "exceptions", "func_name": "global_exception_handler", "line_no": 44, "exception": "Traceback (most recent call last):\n  File \"/home/tongying/workspace/mlops-project/.venv/lib/python3.11/site-packages/starlette/middleware/errors.py\", line 164, in __call__\n    await self.app(scope, receive, _send)\n  File \"/home/tongying/workspace/mlops-project/.venv/lib/python3.11/site-packages/starlette/middleware/exceptions.py\", line 63, in __call__\n    await wrap_app_handling_exceptions(self.app, conn)(scope, receive, send)\n  File \"/home/tongying/workspace/mlops-project/.venv/lib/python3.11/site-packages/starlette/_exception_handler.py\", line 53, in wrapped_app\n    raise exc\n  File \"/home/tongying/workspace/mlops-project/.venv/lib/python3.11/site-packages/starlette/_exception_handler.py\", line 42, in wrapped_app\n    await app(scope, receive, sender)\n  File \"/home/tongying/workspace/mlops-project/.venv/lib/python3.11/site-packages/fastapi/middleware/asyncexitstack.py\", line 18, in __call__\n    await self.app(scope, receive, send)\n  File \"/home/tongying/workspace/mlops-project/.venv/lib/python3.11/site-packages/starlette/routing.py\", line 716, in __call__\n    await self.middleware_stack(scope, receive, send)\n  File \"/home/tongying/workspace/mlops-project/.venv/lib/python3.11/site-packages/starlette/routing.py\", line 736, in app\n    await route.handle(scope, receive, send)\n  File \"/home/tongying/workspace/mlops-project/.venv/lib/python3.11/site-packages/starlette/routing.py\", line 290, in handle\n    await self.app(scope, receive, send)\n  File \"/home/tongying/workspace/mlops-project/.venv/lib/python3.11/site-packages/fastapi/routing.py\", line 118, in app\n    await wrap_app_handling_exceptions(app, request)(scope, receive, send)\n  File \"/home/tongying/workspace/mlops-project/.venv/lib/python3.11/site-packages/starlette/_exception_handler.py\", line 53, in wrapped_app\n    raise exc\n  File \"/home/tongying/workspace/mlops-project/.venv/lib/python3.11/site-packages/starlette/_exception_handler.py\", line 42, in wrapped_app\n    await app(scope, receive, sender)\n  File \"/home/tongying/workspace/mlops-project/.venv/lib/python3.11/site-packages/fastapi/routing.py\", line 104, in app\n    response = await f(request)\n               ^^^^^^^^^^^^^^^^\n  File \"/home/tongying/workspace/mlops-project/.venv/lib/python3.11/site-packages/fastapi/routing.py\", line 428, in app\n    raw_response = await run_endpoint_function(\n                   ^^^^^^^^^^^^^^^^^^^^^^^^^^^^\n  File \"/home/tongying/workspace/mlops-project/.venv/lib/python3.11/site-packages/fastapi/routing.py\", line 314, in run_endpoint_function\n    return await dependant.call(**values)\n           ^^^^^^^^^^^^^^^^^^^^^^^^^^^^^^\n  File \"/home/tongying/workspace/mlops-project/app/api/v1/endpoint/auth.py\", line 32, in login\n    user = await service.authenticate(login_data)\n           ^^^^^^^^^^^^^^^^^^^^^^^^^^^^^^^^^^^^^^\n  File \"/home/tongying/workspace/mlops-project/app/services/user_service.py\", line 176, in authenticate\n    users = await self.uow.users.get_by_username(user_in.username)\n                  ^^^^^^^^^^^^^^\nAttributeError: 'SQLAlchemyUnitOfWork' object has no attribute 'users'"}
{"timestamp": "2026-01-29T20:34:51.057488", "level": "INFO", "message": "系统初始化完成", "logger": "app.main", "module": "main", "func_name": "<module>", "line_no": 26}
{"timestamp": "2026-01-29T20:34:51.271419", "level": "INFO", "message": "系统初始化完成", "logger": "app.main", "module": "main", "func_name": "<module>", "line_no": 26}
{"timestamp": "2026-01-29T20:34:53.005029", "level": "ERROR", "message": "全局异常捕获: POST http://127.0.0.1:8000/api/v1/auth/login - 'SQLAlchemyUnitOfWork' object has no attribute 'users'", "logger": "app.core.exceptions", "module": "exceptions", "func_name": "global_exception_handler", "line_no": 44, "exception": "Traceback (most recent call last):\n  File \"/home/tongying/workspace/mlops-project/.venv/lib/python3.11/site-packages/starlette/middleware/errors.py\", line 164, in __call__\n    await self.app(scope, receive, _send)\n  File \"/home/tongying/workspace/mlops-project/.venv/lib/python3.11/site-packages/starlette/middleware/exceptions.py\", line 63, in __call__\n    await wrap_app_handling_exceptions(self.app, conn)(scope, receive, send)\n  File \"/home/tongying/workspace/mlops-project/.venv/lib/python3.11/site-packages/starlette/_exception_handler.py\", line 53, in wrapped_app\n    raise exc\n  File \"/home/tongying/workspace/mlops-project/.venv/lib/python3.11/site-packages/starlette/_exception_handler.py\", line 42, in wrapped_app\n    await app(scope, receive, sender)\n  File \"/home/tongying/workspace/mlops-project/.venv/lib/python3.11/site-packages/fastapi/middleware/asyncexitstack.py\", line 18, in __call__\n    await self.app(scope, receive, send)\n  File \"/home/tongying/workspace/mlops-project/.venv/lib/python3.11/site-packages/starlette/routing.py\", line 716, in __call__\n    await self.middleware_stack(scope, receive, send)\n  File \"/home/tongying/workspace/mlops-project/.venv/lib/python3.11/site-packages/starlette/routing.py\", line 736, in app\n    await route.handle(scope, receive, send)\n  File \"/home/tongying/workspace/mlops-project/.venv/lib/python3.11/site-packages/starlette/routing.py\", line 290, in handle\n    await self.app(scope, receive, send)\n  File \"/home/tongying/workspace/mlops-project/.venv/lib/python3.11/site-packages/fastapi/routing.py\", line 118, in app\n    await wrap_app_handling_exceptions(app, request)(scope, receive, send)\n  File \"/home/tongying/workspace/mlops-project/.venv/lib/python3.11/site-packages/starlette/_exception_handler.py\", line 53, in wrapped_app\n    raise exc\n  File \"/home/tongying/workspace/mlops-project/.venv/lib/python3.11/site-packages/starlette/_exception_handler.py\", line 42, in wrapped_app\n    await app(scope, receive, sender)\n  File \"/home/tongying/workspace/mlops-project/.venv/lib/python3.11/site-packages/fastapi/routing.py\", line 104, in app\n    response = await f(request)\n               ^^^^^^^^^^^^^^^^\n  File \"/home/tongying/workspace/mlops-project/.venv/lib/python3.11/site-packages/fastapi/routing.py\", line 428, in app\n    raw_response = await run_endpoint_function(\n                   ^^^^^^^^^^^^^^^^^^^^^^^^^^^^\n  File \"/home/tongying/workspace/mlops-project/.venv/lib/python3.11/site-packages/fastapi/routing.py\", line 314, in run_endpoint_function\n    return await dependant.call(**values)\n           ^^^^^^^^^^^^^^^^^^^^^^^^^^^^^^\n  File \"/home/tongying/workspace/mlops-project/app/api/v1/endpoint/auth.py\", line 32, in login\n    user = await service.authenticate(login_data)\n           ^^^^^^^^^^^^^^^^^^^^^^^^^^^^^^^^^^^^^^\n  File \"/home/tongying/workspace/mlops-project/app/services/user_service.py\", line 176, in authenticate\n    user = await self.uow.users.get_by_username(user_in.username)\n                 ^^^^^^^^^^^^^^\nAttributeError: 'SQLAlchemyUnitOfWork' object has no attribute 'users'"}
{"timestamp": "2026-01-29T20:40:01.513369", "level": "INFO", "message": "系统初始化完成", "logger": "app.main", "module": "main", "func_name": "<module>", "line_no": 26}
{"timestamp": "2026-01-29T20:40:01.715671", "level": "INFO", "message": "系统初始化完成", "logger": "app.main", "module": "main", "func_name": "<module>", "line_no": 26}
{"timestamp": "2026-01-29T20:40:12.226515", "level": "ERROR", "message": "全局异常捕获: POST http://127.0.0.1:8000/api/v1/auth/login - 'SQLAlchemyUnitOfWork' object has no attribute 'users'", "logger": "app.core.exceptions", "module": "exceptions", "func_name": "global_exception_handler", "line_no": 44, "exception": "Traceback (most recent call last):\n  File \"/home/tongying/workspace/mlops-project/.venv/lib/python3.11/site-packages/starlette/middleware/errors.py\", line 164, in __call__\n    await self.app(scope, receive, _send)\n  File \"/home/tongying/workspace/mlops-project/.venv/lib/python3.11/site-packages/starlette/middleware/exceptions.py\", line 63, in __call__\n    await wrap_app_handling_exceptions(self.app, conn)(scope, receive, send)\n  File \"/home/tongying/workspace/mlops-project/.venv/lib/python3.11/site-packages/starlette/_exception_handler.py\", line 53, in wrapped_app\n    raise exc\n  File \"/home/tongying/workspace/mlops-project/.venv/lib/python3.11/site-packages/starlette/_exception_handler.py\", line 42, in wrapped_app\n    await app(scope, receive, sender)\n  File \"/home/tongying/workspace/mlops-project/.venv/lib/python3.11/site-packages/fastapi/middleware/asyncexitstack.py\", line 18, in __call__\n    await self.app(scope, receive, send)\n  File \"/home/tongying/workspace/mlops-project/.venv/lib/python3.11/site-packages/starlette/routing.py\", line 716, in __call__\n    await self.middleware_stack(scope, receive, send)\n  File \"/home/tongying/workspace/mlops-project/.venv/lib/python3.11/site-packages/starlette/routing.py\", line 736, in app\n    await route.handle(scope, receive, send)\n  File \"/home/tongying/workspace/mlops-project/.venv/lib/python3.11/site-packages/starlette/routing.py\", line 290, in handle\n    await self.app(scope, receive, send)\n  File \"/home/tongying/workspace/mlops-project/.venv/lib/python3.11/site-packages/fastapi/routing.py\", line 118, in app\n    await wrap_app_handling_exceptions(app, request)(scope, receive, send)\n  File \"/home/tongying/workspace/mlops-project/.venv/lib/python3.11/site-packages/starlette/_exception_handler.py\", line 53, in wrapped_app\n    raise exc\n  File \"/home/tongying/workspace/mlops-project/.venv/lib/python3.11/site-packages/starlette/_exception_handler.py\", line 42, in wrapped_app\n    await app(scope, receive, sender)\n  File \"/home/tongying/workspace/mlops-project/.venv/lib/python3.11/site-packages/fastapi/routing.py\", line 104, in app\n    response = await f(request)\n               ^^^^^^^^^^^^^^^^\n  File \"/home/tongying/workspace/mlops-project/.venv/lib/python3.11/site-packages/fastapi/routing.py\", line 428, in app\n    raw_response = await run_endpoint_function(\n                   ^^^^^^^^^^^^^^^^^^^^^^^^^^^^\n  File \"/home/tongying/workspace/mlops-project/.venv/lib/python3.11/site-packages/fastapi/routing.py\", line 314, in run_endpoint_function\n    return await dependant.call(**values)\n           ^^^^^^^^^^^^^^^^^^^^^^^^^^^^^^\n  File \"/home/tongying/workspace/mlops-project/app/api/v1/endpoint/auth.py\", line 32, in login\n    user = await service.authenticate(login_data)\n           ^^^^^^^^^^^^^^^^^^^^^^^^^^^^^^^^^^^^^^\n  File \"/home/tongying/workspace/mlops-project/app/services/user_service.py\", line 176, in authenticate\n    user = await self.uow.users.get_by_username(user_in.username)\n                 ^^^^^^^^^^^^^^\nAttributeError: 'SQLAlchemyUnitOfWork' object has no attribute 'users'"}
{"timestamp": "2026-01-29T20:44:09.444483", "level": "INFO", "message": "系统初始化完成", "logger": "app.main", "module": "main", "func_name": "<module>", "line_no": 26}
{"timestamp": "2026-01-29T20:44:09.521078", "level": "INFO", "message": "系统初始化完成", "logger": "app.main", "module": "main", "func_name": "<module>", "line_no": 26}
{"timestamp": "2026-01-29T20:45:48.356180", "level": "INFO", "message": "系统初始化完成", "logger": "app.main", "module": "main", "func_name": "<module>", "line_no": 26}
{"timestamp": "2026-01-29T20:45:48.464839", "level": "INFO", "message": "系统初始化完成", "logger": "app.main", "module": "main", "func_name": "<module>", "line_no": 26}
{"timestamp": "2026-01-29T20:45:53.095843", "level": "ERROR", "message": "全局异常捕获: POST http://127.0.0.1:8000/api/v1/auth/login - 'SQLAlchemyUnitOfWork' object has no attribute 'users'", "logger": "app.core.exceptions", "module": "exceptions", "func_name": "global_exception_handler", "line_no": 44, "exception": "Traceback (most recent call last):\n  File \"/home/tongying/workspace/mlops-project/.venv/lib/python3.11/site-packages/starlette/middleware/errors.py\", line 164, in __call__\n    await self.app(scope, receive, _send)\n  File \"/home/tongying/workspace/mlops-project/.venv/lib/python3.11/site-packages/starlette/middleware/exceptions.py\", line 63, in __call__\n    await wrap_app_handling_exceptions(self.app, conn)(scope, receive, send)\n  File \"/home/tongying/workspace/mlops-project/.venv/lib/python3.11/site-packages/starlette/_exception_handler.py\", line 53, in wrapped_app\n    raise exc\n  File \"/home/tongying/workspace/mlops-project/.venv/lib/python3.11/site-packages/starlette/_exception_handler.py\", line 42, in wrapped_app\n    await app(scope, receive, sender)\n  File \"/home/tongying/workspace/mlops-project/.venv/lib/python3.11/site-packages/fastapi/middleware/asyncexitstack.py\", line 18, in __call__\n    await self.app(scope, receive, send)\n  File \"/home/tongying/workspace/mlops-project/.venv/lib/python3.11/site-packages/starlette/routing.py\", line 716, in __call__\n    await self.middleware_stack(scope, receive, send)\n  File \"/home/tongying/workspace/mlops-project/.venv/lib/python3.11/site-packages/starlette/routing.py\", line 736, in app\n    await route.handle(scope, receive, send)\n  File \"/home/tongying/workspace/mlops-project/.venv/lib/python3.11/site-packages/starlette/routing.py\", line 290, in handle\n    await self.app(scope, receive, send)\n  File \"/home/tongying/workspace/mlops-project/.venv/lib/python3.11/site-packages/fastapi/routing.py\", line 118, in app\n    await wrap_app_handling_exceptions(app, request)(scope, receive, send)\n  File \"/home/tongying/workspace/mlops-project/.venv/lib/python3.11/site-packages/starlette/_exception_handler.py\", line 53, in wrapped_app\n    raise exc\n  File \"/home/tongying/workspace/mlops-project/.venv/lib/python3.11/site-packages/starlette/_exception_handler.py\", line 42, in wrapped_app\n    await app(scope, receive, sender)\n  File \"/home/tongying/workspace/mlops-project/.venv/lib/python3.11/site-packages/fastapi/routing.py\", line 104, in app\n    response = await f(request)\n               ^^^^^^^^^^^^^^^^\n  File \"/home/tongying/workspace/mlops-project/.venv/lib/python3.11/site-packages/fastapi/routing.py\", line 428, in app\n    raw_response = await run_endpoint_function(\n                   ^^^^^^^^^^^^^^^^^^^^^^^^^^^^\n  File \"/home/tongying/workspace/mlops-project/.venv/lib/python3.11/site-packages/fastapi/routing.py\", line 314, in run_endpoint_function\n    return await dependant.call(**values)\n           ^^^^^^^^^^^^^^^^^^^^^^^^^^^^^^\n  File \"/home/tongying/workspace/mlops-project/app/api/v1/endpoint/auth.py\", line 32, in login\n    user = await service.authenticate(login_data)\n           ^^^^^^^^^^^^^^^^^^^^^^^^^^^^^^^^^^^^^^\n  File \"/home/tongying/workspace/mlops-project/app/services/user_service.py\", line 176, in authenticate\n    user = await self.uow.users.get_by_username(user_in.username)\n                 ^^^^^^^^^^^^^^\nAttributeError: 'SQLAlchemyUnitOfWork' object has no attribute 'users'"}
{"timestamp": "2026-01-29T20:47:03.155841", "level": "ERROR", "message": "全局异常捕获: GET http://127.0.0.1:8000/api/v1/users?username=AbstractUnitOfWork - 'SQLAlchemyUnitOfWork' object has no attribute 'users'", "logger": "app.core.exceptions", "module": "exceptions", "func_name": "global_exception_handler", "line_no": 44, "exception": "Traceback (most recent call last):\n  File \"/home/tongying/workspace/mlops-project/.venv/lib/python3.11/site-packages/starlette/middleware/errors.py\", line 164, in __call__\n    await self.app(scope, receive, _send)\n  File \"/home/tongying/workspace/mlops-project/.venv/lib/python3.11/site-packages/starlette/middleware/exceptions.py\", line 63, in __call__\n    await wrap_app_handling_exceptions(self.app, conn)(scope, receive, send)\n  File \"/home/tongying/workspace/mlops-project/.venv/lib/python3.11/site-packages/starlette/_exception_handler.py\", line 53, in wrapped_app\n    raise exc\n  File \"/home/tongying/workspace/mlops-project/.venv/lib/python3.11/site-packages/starlette/_exception_handler.py\", line 42, in wrapped_app\n    await app(scope, receive, sender)\n  File \"/home/tongying/workspace/mlops-project/.venv/lib/python3.11/site-packages/fastapi/middleware/asyncexitstack.py\", line 18, in __call__\n    await self.app(scope, receive, send)\n  File \"/home/tongying/workspace/mlops-project/.venv/lib/python3.11/site-packages/starlette/routing.py\", line 716, in __call__\n    await self.middleware_stack(scope, receive, send)\n  File \"/home/tongying/workspace/mlops-project/.venv/lib/python3.11/site-packages/starlette/routing.py\", line 736, in app\n    await route.handle(scope, receive, send)\n  File \"/home/tongying/workspace/mlops-project/.venv/lib/python3.11/site-packages/starlette/routing.py\", line 290, in handle\n    await self.app(scope, receive, send)\n  File \"/home/tongying/workspace/mlops-project/.venv/lib/python3.11/site-packages/fastapi/routing.py\", line 118, in app\n    await wrap_app_handling_exceptions(app, request)(scope, receive, send)\n  File \"/home/tongying/workspace/mlops-project/.venv/lib/python3.11/site-packages/starlette/_exception_handler.py\", line 53, in wrapped_app\n    raise exc\n  File \"/home/tongying/workspace/mlops-project/.venv/lib/python3.11/site-packages/starlette/_exception_handler.py\", line 42, in wrapped_app\n    await app(scope, receive, sender)\n  File \"/home/tongying/workspace/mlops-project/.venv/lib/python3.11/site-packages/fastapi/routing.py\", line 104, in app\n    response = await f(request)\n               ^^^^^^^^^^^^^^^^\n  File \"/home/tongying/workspace/mlops-project/.venv/lib/python3.11/site-packages/fastapi/routing.py\", line 428, in app\n    raw_response = await run_endpoint_function(\n                   ^^^^^^^^^^^^^^^^^^^^^^^^^^^^\n  File \"/home/tongying/workspace/mlops-project/.venv/lib/python3.11/site-packages/fastapi/routing.py\", line 314, in run_endpoint_function\n    return await dependant.call(**values)\n           ^^^^^^^^^^^^^^^^^^^^^^^^^^^^^^\n  File \"/home/tongying/workspace/mlops-project/app/api/v1/endpoint/user.py\", line 41, in read_user\n    user = await service.get_by_username(search_params.username)\n           ^^^^^^^^^^^^^^^^^^^^^^^^^^^^^^^^^^^^^^^^^^^^^^^^^^^^^\n  File \"/home/tongying/workspace/mlops-project/app/services/user_service.py\", line 136, in get_by_username\n    return await self.uow.users.get_by_username(username)\n                 ^^^^^^^^^^^^^^\nAttributeError: 'SQLAlchemyUnitOfWork' object has no attribute 'users'"}
{"timestamp": "2026-01-29T20:47:05.284407", "level": "ERROR", "message": "全局异常捕获: GET http://127.0.0.1:8000/api/v1/users?username=AbstractUnitOfWork - 'SQLAlchemyUnitOfWork' object has no attribute 'users'", "logger": "app.core.exceptions", "module": "exceptions", "func_name": "global_exception_handler", "line_no": 44, "exception": "Traceback (most recent call last):\n  File \"/home/tongying/workspace/mlops-project/.venv/lib/python3.11/site-packages/starlette/middleware/errors.py\", line 164, in __call__\n    await self.app(scope, receive, _send)\n  File \"/home/tongying/workspace/mlops-project/.venv/lib/python3.11/site-packages/starlette/middleware/exceptions.py\", line 63, in __call__\n    await wrap_app_handling_exceptions(self.app, conn)(scope, receive, send)\n  File \"/home/tongying/workspace/mlops-project/.venv/lib/python3.11/site-packages/starlette/_exception_handler.py\", line 53, in wrapped_app\n    raise exc\n  File \"/home/tongying/workspace/mlops-project/.venv/lib/python3.11/site-packages/starlette/_exception_handler.py\", line 42, in wrapped_app\n    await app(scope, receive, sender)\n  File \"/home/tongying/workspace/mlops-project/.venv/lib/python3.11/site-packages/fastapi/middleware/asyncexitstack.py\", line 18, in __call__\n    await self.app(scope, receive, send)\n  File \"/home/tongying/workspace/mlops-project/.venv/lib/python3.11/site-packages/starlette/routing.py\", line 716, in __call__\n    await self.middleware_stack(scope, receive, send)\n  File \"/home/tongying/workspace/mlops-project/.venv/lib/python3.11/site-packages/starlette/routing.py\", line 736, in app\n    await route.handle(scope, receive, send)\n  File \"/home/tongying/workspace/mlops-project/.venv/lib/python3.11/site-packages/starlette/routing.py\", line 290, in handle\n    await self.app(scope, receive, send)\n  File \"/home/tongying/workspace/mlops-project/.venv/lib/python3.11/site-packages/fastapi/routing.py\", line 118, in app\n    await wrap_app_handling_exceptions(app, request)(scope, receive, send)\n  File \"/home/tongying/workspace/mlops-project/.venv/lib/python3.11/site-packages/starlette/_exception_handler.py\", line 53, in wrapped_app\n    raise exc\n  File \"/home/tongying/workspace/mlops-project/.venv/lib/python3.11/site-packages/starlette/_exception_handler.py\", line 42, in wrapped_app\n    await app(scope, receive, sender)\n  File \"/home/tongying/workspace/mlops-project/.venv/lib/python3.11/site-packages/fastapi/routing.py\", line 104, in app\n    response = await f(request)\n               ^^^^^^^^^^^^^^^^\n  File \"/home/tongying/workspace/mlops-project/.venv/lib/python3.11/site-packages/fastapi/routing.py\", line 428, in app\n    raw_response = await run_endpoint_function(\n                   ^^^^^^^^^^^^^^^^^^^^^^^^^^^^\n  File \"/home/tongying/workspace/mlops-project/.venv/lib/python3.11/site-packages/fastapi/routing.py\", line 314, in run_endpoint_function\n    return await dependant.call(**values)\n           ^^^^^^^^^^^^^^^^^^^^^^^^^^^^^^\n  File \"/home/tongying/workspace/mlops-project/app/api/v1/endpoint/user.py\", line 41, in read_user\n    user = await service.get_by_username(search_params.username)\n           ^^^^^^^^^^^^^^^^^^^^^^^^^^^^^^^^^^^^^^^^^^^^^^^^^^^^^\n  File \"/home/tongying/workspace/mlops-project/app/services/user_service.py\", line 136, in get_by_username\n    return await self.uow.users.get_by_username(username)\n                 ^^^^^^^^^^^^^^\nAttributeError: 'SQLAlchemyUnitOfWork' object has no attribute 'users'"}
{"timestamp": "2026-01-29T20:47:15.522867", "level": "INFO", "message": "系统初始化完成", "logger": "app.main", "module": "main", "func_name": "<module>", "line_no": 26}
{"timestamp": "2026-01-29T20:47:16.170426", "level": "ERROR", "message": "全局异常捕获: GET http://127.0.0.1:8000/api/v1/users?username=AbstractUnitOfWork - 'SQLAlchemyUnitOfWork' object has no attribute 'users'", "logger": "app.core.exceptions", "module": "exceptions", "func_name": "global_exception_handler", "line_no": 44, "exception": "Traceback (most recent call last):\n  File \"/home/tongying/workspace/mlops-project/.venv/lib/python3.11/site-packages/starlette/middleware/errors.py\", line 164, in __call__\n    await self.app(scope, receive, _send)\n  File \"/home/tongying/workspace/mlops-project/.venv/lib/python3.11/site-packages/starlette/middleware/exceptions.py\", line 63, in __call__\n    await wrap_app_handling_exceptions(self.app, conn)(scope, receive, send)\n  File \"/home/tongying/workspace/mlops-project/.venv/lib/python3.11/site-packages/starlette/_exception_handler.py\", line 53, in wrapped_app\n    raise exc\n  File \"/home/tongying/workspace/mlops-project/.venv/lib/python3.11/site-packages/starlette/_exception_handler.py\", line 42, in wrapped_app\n    await app(scope, receive, sender)\n  File \"/home/tongying/workspace/mlops-project/.venv/lib/python3.11/site-packages/fastapi/middleware/asyncexitstack.py\", line 18, in __call__\n    await self.app(scope, receive, send)\n  File \"/home/tongying/workspace/mlops-project/.venv/lib/python3.11/site-packages/starlette/routing.py\", line 716, in __call__\n    await self.middleware_stack(scope, receive, send)\n  File \"/home/tongying/workspace/mlops-project/.venv/lib/python3.11/site-packages/starlette/routing.py\", line 736, in app\n    await route.handle(scope, receive, send)\n  File \"/home/tongying/workspace/mlops-project/.venv/lib/python3.11/site-packages/starlette/routing.py\", line 290, in handle\n    await self.app(scope, receive, send)\n  File \"/home/tongying/workspace/mlops-project/.venv/lib/python3.11/site-packages/fastapi/routing.py\", line 118, in app\n    await wrap_app_handling_exceptions(app, request)(scope, receive, send)\n  File \"/home/tongying/workspace/mlops-project/.venv/lib/python3.11/site-packages/starlette/_exception_handler.py\", line 53, in wrapped_app\n    raise exc\n  File \"/home/tongying/workspace/mlops-project/.venv/lib/python3.11/site-packages/starlette/_exception_handler.py\", line 42, in wrapped_app\n    await app(scope, receive, sender)\n  File \"/home/tongying/workspace/mlops-project/.venv/lib/python3.11/site-packages/fastapi/routing.py\", line 104, in app\n    response = await f(request)\n               ^^^^^^^^^^^^^^^^\n  File \"/home/tongying/workspace/mlops-project/.venv/lib/python3.11/site-packages/fastapi/routing.py\", line 428, in app\n    raw_response = await run_endpoint_function(\n                   ^^^^^^^^^^^^^^^^^^^^^^^^^^^^\n  File \"/home/tongying/workspace/mlops-project/.venv/lib/python3.11/site-packages/fastapi/routing.py\", line 314, in run_endpoint_function\n    return await dependant.call(**values)\n           ^^^^^^^^^^^^^^^^^^^^^^^^^^^^^^\n  File \"/home/tongying/workspace/mlops-project/app/api/v1/endpoint/user.py\", line 41, in read_user\n    user = await service.get_by_username(search_params.username)\n           ^^^^^^^^^^^^^^^^^^^^^^^^^^^^^^^^^^^^^^^^^^^^^^^^^^^^^\n  File \"/home/tongying/workspace/mlops-project/app/services/user_service.py\", line 136, in get_by_username\n    return await self.uow.users.get_by_username(username)\n                 ^^^^^^^^^^^^^^\nAttributeError: 'SQLAlchemyUnitOfWork' object has no attribute 'users'"}
{"timestamp": "2026-01-29T20:55:47.552671", "level": "INFO", "message": "系统初始化完成", "logger": "app.main", "module": "main", "func_name": "<module>", "line_no": 26}
{"timestamp": "2026-01-29T20:55:47.636901", "level": "INFO", "message": "系统初始化完成", "logger": "app.main", "module": "main", "func_name": "<module>", "line_no": 26}
{"timestamp": "2026-01-29T20:56:46.234186", "level": "INFO", "message": "系统初始化完成", "logger": "app.main", "module": "main", "func_name": "<module>", "line_no": 26}
{"timestamp": "2026-01-29T20:56:46.252740", "level": "INFO", "message": "系统初始化完成", "logger": "app.main", "module": "main", "func_name": "<module>", "line_no": 26}
{"timestamp": "2026-01-29T20:57:02.358140", "level": "INFO", "message": "系统初始化完成", "logger": "app.main", "module": "main", "func_name": "<module>", "line_no": 26}
{"timestamp": "2026-01-29T20:57:02.635147", "level": "INFO", "message": "系统初始化完成", "logger": "app.main", "module": "main", "func_name": "<module>", "line_no": 26}
{"timestamp": "2026-01-29T20:58:03.110392", "level": "INFO", "message": "系统初始化完成", "logger": "app.main", "module": "main", "func_name": "<module>", "line_no": 26}
{"timestamp": "2026-01-29T20:58:03.333468", "level": "INFO", "message": "系统初始化完成", "logger": "app.main", "module": "main", "func_name": "<module>", "line_no": 26}
{"timestamp": "2026-01-29T20:58:21.955461", "level": "INFO", "message": "select pg_catalog.version()", "logger": "sqlalchemy.engine.Engine", "module": "base", "func_name": "_execute_context", "line_no": 1846}
{"timestamp": "2026-01-29T20:58:21.955666", "level": "INFO", "message": "[raw sql] ()", "logger": "sqlalchemy.engine.Engine", "module": "base", "func_name": "_execute_context", "line_no": 1846}
{"timestamp": "2026-01-29T20:58:21.960876", "level": "INFO", "message": "select current_schema()", "logger": "sqlalchemy.engine.Engine", "module": "base", "func_name": "_execute_context", "line_no": 1846}
{"timestamp": "2026-01-29T20:58:21.961038", "level": "INFO", "message": "[raw sql] ()", "logger": "sqlalchemy.engine.Engine", "module": "base", "func_name": "_execute_context", "line_no": 1846}
{"timestamp": "2026-01-29T20:58:21.963079", "level": "INFO", "message": "show standard_conforming_strings", "logger": "sqlalchemy.engine.Engine", "module": "base", "func_name": "_execute_context", "line_no": 1846}
{"timestamp": "2026-01-29T20:58:21.963236", "level": "INFO", "message": "[raw sql] ()", "logger": "sqlalchemy.engine.Engine", "module": "base", "func_name": "_execute_context", "line_no": 1846}
{"timestamp": "2026-01-29T20:58:21.964608", "level": "INFO", "message": "BEGIN (implicit)", "logger": "sqlalchemy.engine.Engine", "module": "base", "func_name": "_connection_begin_impl", "line_no": 2710}
{"timestamp": "2026-01-29T20:58:21.967223", "level": "INFO", "message": "SELECT users.username, users.email, users.is_active, users.is_superuser, users.hashed_password, users.id, users.created_at, users.updated_at \nFROM users \nWHERE users.username = $1::VARCHAR", "logger": "sqlalchemy.engine.Engine", "module": "base", "func_name": "_execute_context", "line_no": 1846}
{"timestamp": "2026-01-29T20:58:21.967525", "level": "INFO", "message": "[generated in 0.00037s] ('string',)", "logger": "sqlalchemy.engine.Engine", "module": "base", "func_name": "_execute_context", "line_no": 1846}
{"timestamp": "2026-01-29T20:58:21.973711", "level": "INFO", "message": "COMMIT", "logger": "sqlalchemy.engine.Engine", "module": "base", "func_name": "_connection_commit_impl", "line_no": 2716}
{"timestamp": "2026-01-29T20:58:24.524346", "level": "INFO", "message": "BEGIN (implicit)", "logger": "sqlalchemy.engine.Engine", "module": "base", "func_name": "_connection_begin_impl", "line_no": 2710}
{"timestamp": "2026-01-29T20:58:24.524687", "level": "INFO", "message": "SELECT users.username, users.email, users.is_active, users.is_superuser, users.hashed_password, users.id, users.created_at, users.updated_at \nFROM users \nWHERE users.username = $1::VARCHAR", "logger": "sqlalchemy.engine.Engine", "module": "base", "func_name": "_execute_context", "line_no": 1846}
{"timestamp": "2026-01-29T20:58:24.524828", "level": "INFO", "message": "[cached since 2.558s ago] ('string',)", "logger": "sqlalchemy.engine.Engine", "module": "base", "func_name": "_execute_context", "line_no": 1846}
{"timestamp": "2026-01-29T20:58:24.526291", "level": "INFO", "message": "COMMIT", "logger": "sqlalchemy.engine.Engine", "module": "base", "func_name": "_connection_commit_impl", "line_no": 2716}
{"timestamp": "2026-01-29T20:58:36.673906", "level": "INFO", "message": "系统初始化完成", "logger": "app.main", "module": "main", "func_name": "<module>", "line_no": 26}
{"timestamp": "2026-01-29T20:58:36.975439", "level": "INFO", "message": "系统初始化完成", "logger": "app.main", "module": "main", "func_name": "<module>", "line_no": 26}
{"timestamp": "2026-01-29T20:58:38.107545", "level": "INFO", "message": "select pg_catalog.version()", "logger": "sqlalchemy.engine.Engine", "module": "base", "func_name": "_execute_context", "line_no": 1846}
{"timestamp": "2026-01-29T20:58:38.107743", "level": "INFO", "message": "[raw sql] ()", "logger": "sqlalchemy.engine.Engine", "module": "base", "func_name": "_execute_context", "line_no": 1846}
{"timestamp": "2026-01-29T20:58:38.109792", "level": "INFO", "message": "select current_schema()", "logger": "sqlalchemy.engine.Engine", "module": "base", "func_name": "_execute_context", "line_no": 1846}
{"timestamp": "2026-01-29T20:58:38.109929", "level": "INFO", "message": "[raw sql] ()", "logger": "sqlalchemy.engine.Engine", "module": "base", "func_name": "_execute_context", "line_no": 1846}
{"timestamp": "2026-01-29T20:58:38.111364", "level": "INFO", "message": "show standard_conforming_strings", "logger": "sqlalchemy.engine.Engine", "module": "base", "func_name": "_execute_context", "line_no": 1846}
{"timestamp": "2026-01-29T20:58:38.111487", "level": "INFO", "message": "[raw sql] ()", "logger": "sqlalchemy.engine.Engine", "module": "base", "func_name": "_execute_context", "line_no": 1846}
{"timestamp": "2026-01-29T20:58:38.112590", "level": "INFO", "message": "BEGIN (implicit)", "logger": "sqlalchemy.engine.Engine", "module": "base", "func_name": "_connection_begin_impl", "line_no": 2710}
{"timestamp": "2026-01-29T20:58:38.115028", "level": "INFO", "message": "SELECT users.username, users.email, users.is_active, users.is_superuser, users.hashed_password, users.id, users.created_at, users.updated_at \nFROM users \nWHERE users.username = $1::VARCHAR", "logger": "sqlalchemy.engine.Engine", "module": "base", "func_name": "_execute_context", "line_no": 1846}
{"timestamp": "2026-01-29T20:58:38.115230", "level": "INFO", "message": "[generated in 0.00026s] ('string',)", "logger": "sqlalchemy.engine.Engine", "module": "base", "func_name": "_execute_context", "line_no": 1846}
{"timestamp": "2026-01-29T20:58:38.117362", "level": "INFO", "message": "COMMIT", "logger": "sqlalchemy.engine.Engine", "module": "base", "func_name": "_connection_commit_impl", "line_no": 2716}
{"timestamp": "2026-01-29T20:58:47.467403", "level": "INFO", "message": "BEGIN (implicit)", "logger": "sqlalchemy.engine.Engine", "module": "base", "func_name": "_connection_begin_impl", "line_no": 2710}
{"timestamp": "2026-01-29T20:58:47.467762", "level": "INFO", "message": "SELECT users.username, users.email, users.is_active, users.is_superuser, users.hashed_password, users.id, users.created_at, users.updated_at \nFROM users \nWHERE users.username = $1::VARCHAR", "logger": "sqlalchemy.engine.Engine", "module": "base", "func_name": "_execute_context", "line_no": 1846}
{"timestamp": "2026-01-29T20:58:47.467925", "level": "INFO", "message": "[cached since 9.353s ago] ('string1',)", "logger": "sqlalchemy.engine.Engine", "module": "base", "func_name": "_execute_context", "line_no": 1846}
{"timestamp": "2026-01-29T20:58:47.469168", "level": "INFO", "message": "COMMIT", "logger": "sqlalchemy.engine.Engine", "module": "base", "func_name": "_connection_commit_impl", "line_no": 2716}
{"timestamp": "2026-01-29T20:58:59.861303", "level": "ERROR", "message": "全局异常捕获: GET http://127.0.0.1:8000/api/v1/users?username=string1 - 'SQLAlchemyUnitOfWork' object has no attribute 'get_by_username'", "logger": "app.core.exceptions", "module": "exceptions", "func_name": "global_exception_handler", "line_no": 44, "exception": "Traceback (most recent call last):\n  File \"/home/tongying/workspace/mlops-project/.venv/lib/python3.11/site-packages/starlette/middleware/errors.py\", line 164, in __call__\n    await self.app(scope, receive, _send)\n  File \"/home/tongying/workspace/mlops-project/.venv/lib/python3.11/site-packages/starlette/middleware/exceptions.py\", line 63, in __call__\n    await wrap_app_handling_exceptions(self.app, conn)(scope, receive, send)\n  File \"/home/tongying/workspace/mlops-project/.venv/lib/python3.11/site-packages/starlette/_exception_handler.py\", line 53, in wrapped_app\n    raise exc\n  File \"/home/tongying/workspace/mlops-project/.venv/lib/python3.11/site-packages/starlette/_exception_handler.py\", line 42, in wrapped_app\n    await app(scope, receive, sender)\n  File \"/home/tongying/workspace/mlops-project/.venv/lib/python3.11/site-packages/fastapi/middleware/asyncexitstack.py\", line 18, in __call__\n    await self.app(scope, receive, send)\n  File \"/home/tongying/workspace/mlops-project/.venv/lib/python3.11/site-packages/starlette/routing.py\", line 716, in __call__\n    await self.middleware_stack(scope, receive, send)\n  File \"/home/tongying/workspace/mlops-project/.venv/lib/python3.11/site-packages/starlette/routing.py\", line 736, in app\n    await route.handle(scope, receive, send)\n  File \"/home/tongying/workspace/mlops-project/.venv/lib/python3.11/site-packages/starlette/routing.py\", line 290, in handle\n    await self.app(scope, receive, send)\n  File \"/home/tongying/workspace/mlops-project/.venv/lib/python3.11/site-packages/fastapi/routing.py\", line 118, in app\n    await wrap_app_handling_exceptions(app, request)(scope, receive, send)\n  File \"/home/tongying/workspace/mlops-project/.venv/lib/python3.11/site-packages/starlette/_exception_handler.py\", line 53, in wrapped_app\n    raise exc\n  File \"/home/tongying/workspace/mlops-project/.venv/lib/python3.11/site-packages/starlette/_exception_handler.py\", line 42, in wrapped_app\n    await app(scope, receive, sender)\n  File \"/home/tongying/workspace/mlops-project/.venv/lib/python3.11/site-packages/fastapi/routing.py\", line 104, in app\n    response = await f(request)\n               ^^^^^^^^^^^^^^^^\n  File \"/home/tongying/workspace/mlops-project/.venv/lib/python3.11/site-packages/fastapi/routing.py\", line 428, in app\n    raw_response = await run_endpoint_function(\n                   ^^^^^^^^^^^^^^^^^^^^^^^^^^^^\n  File \"/home/tongying/workspace/mlops-project/.venv/lib/python3.11/site-packages/fastapi/routing.py\", line 314, in run_endpoint_function\n    return await dependant.call(**values)\n           ^^^^^^^^^^^^^^^^^^^^^^^^^^^^^^\n  File \"/home/tongying/workspace/mlops-project/app/api/v1/endpoint/user.py\", line 41, in read_user\n    user = await service.get_by_username(search_params.username)\n           ^^^^^^^^^^^^^^^^^^^^^^^^^^^^^^^^^^^^^^^^^^^^^^^^^^^^^\n  File \"/home/tongying/workspace/mlops-project/app/services/user_service.py\", line 141, in get_by_username\n    user = await self.uow.get_by_username(username)\n                 ^^^^^^^^^^^^^^^^^^^^^^^^\nAttributeError: 'SQLAlchemyUnitOfWork' object has no attribute 'get_by_username'"}
{"timestamp": "2026-01-29T20:59:00.959273", "level": "ERROR", "message": "全局异常捕获: GET http://127.0.0.1:8000/api/v1/users?username=string1 - 'SQLAlchemyUnitOfWork' object has no attribute 'get_by_username'", "logger": "app.core.exceptions", "module": "exceptions", "func_name": "global_exception_handler", "line_no": 44, "exception": "Traceback (most recent call last):\n  File \"/home/tongying/workspace/mlops-project/.venv/lib/python3.11/site-packages/starlette/middleware/errors.py\", line 164, in __call__\n    await self.app(scope, receive, _send)\n  File \"/home/tongying/workspace/mlops-project/.venv/lib/python3.11/site-packages/starlette/middleware/exceptions.py\", line 63, in __call__\n    await wrap_app_handling_exceptions(self.app, conn)(scope, receive, send)\n  File \"/home/tongying/workspace/mlops-project/.venv/lib/python3.11/site-packages/starlette/_exception_handler.py\", line 53, in wrapped_app\n    raise exc\n  File \"/home/tongying/workspace/mlops-project/.venv/lib/python3.11/site-packages/starlette/_exception_handler.py\", line 42, in wrapped_app\n    await app(scope, receive, sender)\n  File \"/home/tongying/workspace/mlops-project/.venv/lib/python3.11/site-packages/fastapi/middleware/asyncexitstack.py\", line 18, in __call__\n    await self.app(scope, receive, send)\n  File \"/home/tongying/workspace/mlops-project/.venv/lib/python3.11/site-packages/starlette/routing.py\", line 716, in __call__\n    await self.middleware_stack(scope, receive, send)\n  File \"/home/tongying/workspace/mlops-project/.venv/lib/python3.11/site-packages/starlette/routing.py\", line 736, in app\n    await route.handle(scope, receive, send)\n  File \"/home/tongying/workspace/mlops-project/.venv/lib/python3.11/site-packages/starlette/routing.py\", line 290, in handle\n    await self.app(scope, receive, send)\n  File \"/home/tongying/workspace/mlops-project/.venv/lib/python3.11/site-packages/fastapi/routing.py\", line 118, in app\n    await wrap_app_handling_exceptions(app, request)(scope, receive, send)\n  File \"/home/tongying/workspace/mlops-project/.venv/lib/python3.11/site-packages/starlette/_exception_handler.py\", line 53, in wrapped_app\n    raise exc\n  File \"/home/tongying/workspace/mlops-project/.venv/lib/python3.11/site-packages/starlette/_exception_handler.py\", line 42, in wrapped_app\n    await app(scope, receive, sender)\n  File \"/home/tongying/workspace/mlops-project/.venv/lib/python3.11/site-packages/fastapi/routing.py\", line 104, in app\n    response = await f(request)\n               ^^^^^^^^^^^^^^^^\n  File \"/home/tongying/workspace/mlops-project/.venv/lib/python3.11/site-packages/fastapi/routing.py\", line 428, in app\n    raw_response = await run_endpoint_function(\n                   ^^^^^^^^^^^^^^^^^^^^^^^^^^^^\n  File \"/home/tongying/workspace/mlops-project/.venv/lib/python3.11/site-packages/fastapi/routing.py\", line 314, in run_endpoint_function\n    return await dependant.call(**values)\n           ^^^^^^^^^^^^^^^^^^^^^^^^^^^^^^\n  File \"/home/tongying/workspace/mlops-project/app/api/v1/endpoint/user.py\", line 41, in read_user\n    user = await service.get_by_username(search_params.username)\n           ^^^^^^^^^^^^^^^^^^^^^^^^^^^^^^^^^^^^^^^^^^^^^^^^^^^^^\n  File \"/home/tongying/workspace/mlops-project/app/services/user_service.py\", line 141, in get_by_username\n    user = await self.uow.get_by_username(username)\n                 ^^^^^^^^^^^^^^^^^^^^^^^^\nAttributeError: 'SQLAlchemyUnitOfWork' object has no attribute 'get_by_username'"}
{"timestamp": "2026-01-29T21:00:03.892383", "level": "INFO", "message": "系统初始化完成", "logger": "app.main", "module": "main", "func_name": "<module>", "line_no": 26}
{"timestamp": "2026-01-29T21:00:04.157762", "level": "INFO", "message": "系统初始化完成", "logger": "app.main", "module": "main", "func_name": "<module>", "line_no": 26}
{"timestamp": "2026-01-29T21:00:05.054345", "level": "INFO", "message": "select pg_catalog.version()", "logger": "sqlalchemy.engine.Engine", "module": "base", "func_name": "_execute_context", "line_no": 1846}
{"timestamp": "2026-01-29T21:00:05.054544", "level": "INFO", "message": "[raw sql] ()", "logger": "sqlalchemy.engine.Engine", "module": "base", "func_name": "_execute_context", "line_no": 1846}
{"timestamp": "2026-01-29T21:00:05.056303", "level": "INFO", "message": "select current_schema()", "logger": "sqlalchemy.engine.Engine", "module": "base", "func_name": "_execute_context", "line_no": 1846}
{"timestamp": "2026-01-29T21:00:05.056457", "level": "INFO", "message": "[raw sql] ()", "logger": "sqlalchemy.engine.Engine", "module": "base", "func_name": "_execute_context", "line_no": 1846}
{"timestamp": "2026-01-29T21:00:05.058062", "level": "INFO", "message": "show standard_conforming_strings", "logger": "sqlalchemy.engine.Engine", "module": "base", "func_name": "_execute_context", "line_no": 1846}
{"timestamp": "2026-01-29T21:00:05.058207", "level": "INFO", "message": "[raw sql] ()", "logger": "sqlalchemy.engine.Engine", "module": "base", "func_name": "_execute_context", "line_no": 1846}
{"timestamp": "2026-01-29T21:00:05.059372", "level": "INFO", "message": "BEGIN (implicit)", "logger": "sqlalchemy.engine.Engine", "module": "base", "func_name": "_connection_begin_impl", "line_no": 2710}
{"timestamp": "2026-01-29T21:00:05.061758", "level": "INFO", "message": "SELECT users.username, users.email, users.is_active, users.is_superuser, users.hashed_password, users.id, users.created_at, users.updated_at \nFROM users \nWHERE users.username = $1::VARCHAR", "logger": "sqlalchemy.engine.Engine", "module": "base", "func_name": "_execute_context", "line_no": 1846}
{"timestamp": "2026-01-29T21:00:05.061947", "level": "INFO", "message": "[generated in 0.00025s] ('string1',)", "logger": "sqlalchemy.engine.Engine", "module": "base", "func_name": "_execute_context", "line_no": 1846}
{"timestamp": "2026-01-29T21:00:05.064161", "level": "INFO", "message": "COMMIT", "logger": "sqlalchemy.engine.Engine", "module": "base", "func_name": "_connection_commit_impl", "line_no": 2716}
{"timestamp": "2026-01-29T21:00:34.575023", "level": "INFO", "message": "BEGIN (implicit)", "logger": "sqlalchemy.engine.Engine", "module": "base", "func_name": "_connection_begin_impl", "line_no": 2710}
{"timestamp": "2026-01-29T21:00:34.575806", "level": "INFO", "message": "SELECT users.username, users.email, users.is_active, users.is_superuser, users.hashed_password, users.id, users.created_at, users.updated_at \nFROM users \nWHERE users.email = $1::VARCHAR", "logger": "sqlalchemy.engine.Engine", "module": "base", "func_name": "_execute_context", "line_no": 1846}
{"timestamp": "2026-01-29T21:00:34.575936", "level": "INFO", "message": "[generated in 0.00018s] ('user@example.com',)", "logger": "sqlalchemy.engine.Engine", "module": "base", "func_name": "_execute_context", "line_no": 1846}
{"timestamp": "2026-01-29T21:00:34.578360", "level": "INFO", "message": "COMMIT", "logger": "sqlalchemy.engine.Engine", "module": "base", "func_name": "_connection_commit_impl", "line_no": 2716}
{"timestamp": "2026-01-29T21:00:43.381222", "level": "INFO", "message": "BEGIN (implicit)", "logger": "sqlalchemy.engine.Engine", "module": "base", "func_name": "_connection_begin_impl", "line_no": 2710}
{"timestamp": "2026-01-29T21:00:43.381597", "level": "INFO", "message": "SELECT users.username, users.email, users.is_active, users.is_superuser, users.hashed_password, users.id, users.created_at, users.updated_at \nFROM users \nWHERE users.username = $1::VARCHAR", "logger": "sqlalchemy.engine.Engine", "module": "base", "func_name": "_execute_context", "line_no": 1846}
{"timestamp": "2026-01-29T21:00:43.381748", "level": "INFO", "message": "[cached since 38.32s ago] ('n2jzfpdhwlzzj2jrjmsf',)", "logger": "sqlalchemy.engine.Engine", "module": "base", "func_name": "_execute_context", "line_no": 1846}
{"timestamp": "2026-01-29T21:00:43.383114", "level": "INFO", "message": "COMMIT", "logger": "sqlalchemy.engine.Engine", "module": "base", "func_name": "_connection_commit_impl", "line_no": 2716}
{"timestamp": "2026-01-29T21:01:17.043241", "level": "INFO", "message": "BEGIN (implicit)", "logger": "sqlalchemy.engine.Engine", "module": "base", "func_name": "_connection_begin_impl", "line_no": 2710}
{"timestamp": "2026-01-29T21:01:17.043772", "level": "INFO", "message": "SELECT users.username, users.email, users.is_active, users.is_superuser, users.hashed_password, users.id, users.created_at, users.updated_at \nFROM users \nWHERE users.username = $1::VARCHAR", "logger": "sqlalchemy.engine.Engine", "module": "base", "func_name": "_execute_context", "line_no": 1846}
{"timestamp": "2026-01-29T21:01:17.043991", "level": "INFO", "message": "[cached since 71.98s ago] ('n2jzfpdhwlzzj2jrjmsf',)", "logger": "sqlalchemy.engine.Engine", "module": "base", "func_name": "_execute_context", "line_no": 1846}
{"timestamp": "2026-01-29T21:01:17.047484", "level": "INFO", "message": "COMMIT", "logger": "sqlalchemy.engine.Engine", "module": "base", "func_name": "_connection_commit_impl", "line_no": 2716}
{"timestamp": "2026-01-29T21:03:47.438835", "level": "INFO", "message": "系统初始化完成", "logger": "app.main", "module": "main", "func_name": "<module>", "line_no": 26}
{"timestamp": "2026-01-29T21:03:47.567229", "level": "INFO", "message": "系统初始化完成", "logger": "app.main", "module": "main", "func_name": "<module>", "line_no": 26}
{"timestamp": "2026-01-29T21:03:55.516710", "level": "INFO", "message": "系统初始化完成", "logger": "app.main", "module": "main", "func_name": "<module>", "line_no": 26}
{"timestamp": "2026-01-29T21:03:55.815599", "level": "INFO", "message": "系统初始化完成", "logger": "app.main", "module": "main", "func_name": "<module>", "line_no": 26}
{"timestamp": "2026-01-29T21:03:59.801814", "level": "INFO", "message": "系统初始化完成", "logger": "app.main", "module": "main", "func_name": "<module>", "line_no": 26}
{"timestamp": "2026-01-29T21:03:59.948382", "level": "INFO", "message": "系统初始化完成", "logger": "app.main", "module": "main", "func_name": "<module>", "line_no": 26}
